{"/home/rudolphm/balance-sheet-calculator/src/app.ts": {"path":"/home/rudolphm/balance-sheet-calculator/src/app.ts","statementMap":{"0":{"start":{"line":1,"column":0},"end":{"line":1,"column":47}},"1":{"start":{"line":2,"column":0},"end":{"line":2,"column":37}},"2":{"start":{"line":3,"column":0},"end":{"line":3,"column":24}},"3":{"start":{"line":4,"column":0},"end":{"line":4,"column":80}},"4":{"start":{"line":5,"column":0},"end":{"line":5,"column":50}},"5":{"start":{"line":6,"column":0},"end":{"line":6,"column":60}},"6":{"start":{"line":8,"column":0},"end":{"line":8,"column":43}},"7":{"start":{"line":9,"column":0},"end":{"line":9,"column":71}},"8":{"start":{"line":11,"column":0},"end":{"line":11,"column":76}},"9":{"start":{"line":12,"column":0},"end":{"line":12,"column":67}},"10":{"start":{"line":23,"column":46},"end":{"line":23,"column":74}},"11":{"start":{"line":24,"column":4},"end":{"line":24,"column":25}},"12":{"start":{"line":25,"column":4},"end":{"line":25,"column":21}},"13":{"start":{"line":26,"column":4},"end":{"line":26,"column":47}},"14":{"start":{"line":27,"column":4},"end":{"line":27,"column":75}},"15":{"start":{"line":29,"column":32},"end":{"line":29,"column":67}},"16":{"start":{"line":30,"column":4},"end":{"line":30,"column":92}},"17":{"start":{"line":31,"column":4},"end":{"line":31,"column":95}},"18":{"start":{"line":35,"column":4},"end":{"line":35,"column":null}},"19":{"start":{"line":35,"column":54},"end":{"line":35,"column":124}},"20":{"start":{"line":39,"column":4},"end":{"line":39,"column":25}},"21":{"start":{"line":41,"column":4},"end":{"line":41,"column":53}},"22":{"start":{"line":44,"column":4},"end":{"line":44,"column":75}},"23":{"start":{"line":45,"column":4},"end":{"line":45,"column":34}},"24":{"start":{"line":52,"column":0},"end":{"line":52,"column":19}}},"fnMap":{"0":{"name":"(anonymous_1)","decl":{"start":{"line":23,"column":2},"end":{"line":23,"column":14}},"loc":{"start":{"line":23,"column":74},"end":{"line":32,"column":3}}},"1":{"name":"(anonymous_2)","decl":{"start":{"line":34,"column":9},"end":{"line":34,"column":14}},"loc":{"start":{"line":34,"column":14},"end":{"line":36,"column":3}}},"2":{"name":"(anonymous_3)","decl":{"start":{"line":35,"column":48},"end":{"line":35,"column":51}},"loc":{"start":{"line":35,"column":54},"end":{"line":35,"column":124}}},"3":{"name":"(anonymous_4)","decl":{"start":{"line":38,"column":10},"end":{"line":38,"column":19}},"loc":{"start":{"line":38,"column":19},"end":{"line":49,"column":3}}}},"branchMap":{},"s":{"0":3,"1":3,"2":3,"3":3,"4":3,"5":3,"6":3,"7":3,"8":3,"9":3,"10":3,"11":3,"12":3,"13":3,"14":3,"15":3,"16":3,"17":3,"18":0,"19":0,"20":3,"21":3,"22":3,"23":3,"24":3},"f":{"0":3,"1":0,"2":0,"3":3},"b":{}}
,"/home/rudolphm/balance-sheet-calculator/src/authentication.ts": {"path":"/home/rudolphm/balance-sheet-calculator/src/authentication.ts","statementMap":{"0":{"start":{"line":2,"column":0},"end":{"line":2,"column":46}},"1":{"start":{"line":3,"column":0},"end":{"line":3,"column":32}},"2":{"start":{"line":8,"column":8},"end":{"line":8,"column":39}},"3":{"start":{"line":9,"column":30},"end":{"line":10,"column":50}},"4":{"start":{"line":9,"column":70},"end":{"line":10,"column":50}},"5":{"start":{"line":11,"column":25},"end":{"line":18,"column":10}},"6":{"start":{"line":11,"column":99},"end":{"line":18,"column":10}},"7":{"start":{"line":12,"column":33},"end":{"line":12,"column":72}},"8":{"start":{"line":13,"column":12},"end":{"line":17,"column":null}},"9":{"start":{"line":14,"column":16},"end":{"line":14,"column":42}},"10":{"start":{"line":16,"column":16},"end":{"line":16,"column":null}},"11":{"start":{"line":19,"column":8},"end":{"line":19,"column":31}},"12":{"start":{"line":20,"column":8},"end":{"line":20,"column":null}},"13":{"start":{"line":6,"column":0},"end":{"line":6,"column":13}}},"fnMap":{"0":{"name":"(anonymous_8)","decl":{"start":{"line":7,"column":11},"end":{"line":7,"column":36}},"loc":{"start":{"line":7,"column":83},"end":{"line":21,"column":5}}},"1":{"name":"(anonymous_9)","decl":{"start":{"line":9,"column":30},"end":{"line":9,"column":31}},"loc":{"start":{"line":9,"column":70},"end":{"line":10,"column":50}}},"2":{"name":"(anonymous_10)","decl":{"start":{"line":11,"column":43},"end":{"line":11,"column":50}},"loc":{"start":{"line":11,"column":99},"end":{"line":18,"column":10}}},"3":{"name":"(anonymous_11)","decl":{"start":{"line":11,"column":99},"end":{"line":11,"column":null}},"loc":{"start":{"line":11,"column":99},"end":{"line":18,"column":9}}}},"branchMap":{"0":{"loc":{"start":{"line":9,"column":70},"end":{"line":9,"column":108}},"type":"binary-expr","locations":[{"start":{"line":9,"column":70},"end":{"line":9,"column":108}},{"start":{"line":10,"column":12},"end":{"line":10,"column":50}}]},"1":{"loc":{"start":{"line":13,"column":12},"end":{"line":17,"column":null}},"type":"if","locations":[{"start":{"line":13,"column":12},"end":{"line":17,"column":null}},{"start":{"line":13,"column":12},"end":{"line":17,"column":null}}]}},"s":{"0":3,"1":3,"2":3,"3":3,"4":17,"5":3,"6":17,"7":17,"8":17,"9":0,"10":17,"11":3,"12":3,"13":3},"f":{"0":3,"1":17,"2":17,"3":17},"b":{"0":[17,17],"1":[0,17]}}
,"/home/rudolphm/balance-sheet-calculator/src/configuration.reader.ts": {"path":"/home/rudolphm/balance-sheet-calculator/src/configuration.reader.ts","statementMap":{"0":{"start":{"line":1,"column":0},"end":{"line":1,"column":null}},"1":{"start":{"line":2,"column":4},"end":{"line":2,"column":9}},"2":{"start":{"line":2,"column":9},"end":{"line":2,"column":null}},"3":{"start":{"line":8,"column":32},"end":{"line":8,"column":46}},"4":{"start":{"line":8,"column":64},"end":{"line":8,"column":78}},"5":{"start":{"line":8,"column":96},"end":{"line":8,"column":110}},"6":{"start":{"line":9,"column":24},"end":{"line":9,"column":42}},"7":{"start":{"line":9,"column":60},"end":{"line":9,"column":84}},"8":{"start":{"line":10,"column":24},"end":{"line":10,"column":43}},"9":{"start":{"line":10,"column":61},"end":{"line":10,"column":80}},"10":{"start":{"line":11,"column":24},"end":{"line":11,"column":39}},"11":{"start":{"line":12,"column":25},"end":{"line":12,"column":75}},"12":{"start":{"line":13,"column":30},"end":{"line":13,"column":75}},"13":{"start":{"line":14,"column":8},"end":{"line":14,"column":71}},"14":{"start":{"line":15,"column":8},"end":{"line":15,"column":76}},"15":{"start":{"line":5,"column":0},"end":{"line":5,"column":13}},"16":{"start":{"line":22,"column":23},"end":{"line":22,"column":42}},"17":{"start":{"line":23,"column":23},"end":{"line":23,"column":42}},"18":{"start":{"line":24,"column":23},"end":{"line":24,"column":42}},"19":{"start":{"line":25,"column":27},"end":{"line":25,"column":50}},"20":{"start":{"line":26,"column":28},"end":{"line":26,"column":51}},"21":{"start":{"line":27,"column":24},"end":{"line":27,"column":40}},"22":{"start":{"line":28,"column":24},"end":{"line":28,"column":44}},"23":{"start":{"line":29,"column":28},"end":{"line":29,"column":48}},"24":{"start":{"line":30,"column":8},"end":{"line":30,"column":79}},"25":{"start":{"line":31,"column":8},"end":{"line":31,"column":79}},"26":{"start":{"line":32,"column":8},"end":{"line":32,"column":79}},"27":{"start":{"line":33,"column":8},"end":{"line":33,"column":87}},"28":{"start":{"line":34,"column":8},"end":{"line":34,"column":88}},"29":{"start":{"line":35,"column":8},"end":{"line":35,"column":81}},"30":{"start":{"line":36,"column":8},"end":{"line":36,"column":85}},"31":{"start":{"line":37,"column":8},"end":{"line":37,"column":77}},"32":{"start":{"line":39,"column":8},"end":{"line":45,"column":null}},"33":{"start":{"line":40,"column":12},"end":{"line":40,"column":48}},"34":{"start":{"line":41,"column":15},"end":{"line":45,"column":null}},"35":{"start":{"line":42,"column":12},"end":{"line":42,"column":49}},"36":{"start":{"line":44,"column":12},"end":{"line":44,"column":92}},"37":{"start":{"line":46,"column":8},"end":{"line":47,"column":90}},"38":{"start":{"line":51,"column":8},"end":{"line":53,"column":null}},"39":{"start":{"line":52,"column":12},"end":{"line":52,"column":71}},"40":{"start":{"line":19,"column":0},"end":{"line":19,"column":13}}},"fnMap":{"0":{"name":"(anonymous_0)","decl":{"start":{"line":1,"column":0},"end":{"line":1,"column":5}},"loc":{"start":{"line":1,"column":16},"end":{"line":3,"column":1}}},"1":{"name":"(anonymous_1)","decl":{"start":{"line":8,"column":4},"end":{"line":8,"column":32}},"loc":{"start":{"line":11,"column":39},"end":{"line":16,"column":5}}},"2":{"name":"(anonymous_2)","decl":{"start":{"line":21,"column":11},"end":{"line":21,"column":17}},"loc":{"start":{"line":21,"column":22},"end":{"line":48,"column":5}}},"3":{"name":"(anonymous_3)","decl":{"start":{"line":50,"column":12},"end":{"line":50,"column":18}},"loc":{"start":{"line":50,"column":81},"end":{"line":54,"column":5}}}},"branchMap":{"0":{"loc":{"start":{"line":1,"column":5},"end":{"line":1,"column":16}},"type":"binary-expr","locations":[{"start":{"line":1,"column":5},"end":{"line":1,"column":16}},{"start":{"line":1,"column":5},"end":{"line":1,"column":null}}]},"1":{"loc":{"start":{"line":12,"column":59},"end":{"line":12,"column":66}},"type":"cond-expr","locations":[{"start":{"line":12,"column":59},"end":{"line":12,"column":66}},{"start":{"line":12,"column":69},"end":{"line":12,"column":75}}]},"2":{"loc":{"start":{"line":13,"column":64},"end":{"line":13,"column":68}},"type":"cond-expr","locations":[{"start":{"line":13,"column":64},"end":{"line":13,"column":68}},{"start":{"line":13,"column":71},"end":{"line":13,"column":75}}]},"3":{"loc":{"start":{"line":39,"column":8},"end":{"line":45,"column":null}},"type":"if","locations":[{"start":{"line":39,"column":8},"end":{"line":45,"column":null}},{"start":{"line":39,"column":8},"end":{"line":45,"column":null}}]},"4":{"loc":{"start":{"line":41,"column":15},"end":{"line":45,"column":null}},"type":"if","locations":[{"start":{"line":41,"column":15},"end":{"line":45,"column":null}},{"start":{"line":41,"column":15},"end":{"line":45,"column":null}}]},"5":{"loc":{"start":{"line":51,"column":8},"end":{"line":53,"column":null}},"type":"if","locations":[{"start":{"line":51,"column":8},"end":{"line":53,"column":null}},{"start":{"line":51,"column":8},"end":{"line":53,"column":null}}]}},"s":{"0":15,"1":15,"2":15,"3":15,"4":15,"5":15,"6":15,"7":15,"8":15,"9":15,"10":15,"11":15,"12":15,"13":15,"14":15,"15":15,"16":15,"17":15,"18":15,"19":15,"20":15,"21":15,"22":15,"23":15,"24":15,"25":15,"26":15,"27":15,"28":15,"29":15,"30":15,"31":15,"32":15,"33":15,"34":0,"35":0,"36":0,"37":15,"38":120,"39":0,"40":15},"f":{"0":15,"1":15,"2":15,"3":120},"b":{"0":[15,15],"1":[0,15],"2":[0,15],"3":[15,0],"4":[0,0],"5":[0,120]}}
,"/home/rudolphm/balance-sheet-calculator/src/database.connection.creator.ts": {"path":"/home/rudolphm/balance-sheet-calculator/src/database.connection.creator.ts","statementMap":{"0":{"start":{"line":1,"column":0},"end":{"line":1,"column":55}},"1":{"start":{"line":4,"column":0},"end":{"line":4,"column":null}},"2":{"start":{"line":5,"column":4},"end":{"line":5,"column":9}},"3":{"start":{"line":5,"column":9},"end":{"line":5,"column":null}},"4":{"start":{"line":12,"column":8},"end":{"line":27,"column":11}},"5":{"start":{"line":31,"column":27},"end":{"line":31,"column":90}},"6":{"start":{"line":32,"column":8},"end":{"line":32,"column":64}},"7":{"start":{"line":33,"column":8},"end":{"line":33,"column":26}},"8":{"start":{"line":8,"column":0},"end":{"line":8,"column":13}}},"fnMap":{"0":{"name":"(anonymous_7)","decl":{"start":{"line":4,"column":0},"end":{"line":4,"column":5}},"loc":{"start":{"line":4,"column":16},"end":{"line":6,"column":1}}},"1":{"name":"(anonymous_8)","decl":{"start":{"line":9,"column":11},"end":{"line":9,"column":17}},"loc":{"start":{"line":9,"column":69},"end":{"line":28,"column":null}}},"2":{"name":"(anonymous_10)","decl":{"start":{"line":30,"column":11},"end":{"line":30,"column":17}},"loc":{"start":{"line":30,"column":85},"end":{"line":34,"column":null}}}},"branchMap":{"0":{"loc":{"start":{"line":4,"column":5},"end":{"line":4,"column":16}},"type":"binary-expr","locations":[{"start":{"line":4,"column":5},"end":{"line":4,"column":16}},{"start":{"line":4,"column":5},"end":{"line":4,"column":null}}]}},"s":{"0":15,"1":15,"2":15,"3":15,"4":15,"5":15,"6":15,"7":15,"8":15},"f":{"0":15,"1":15,"2":15},"b":{"0":[15,15]}}
,"/home/rudolphm/balance-sheet-calculator/src/logging.ts": {"path":"/home/rudolphm/balance-sheet-calculator/src/logging.ts","statementMap":{"0":{"start":{"line":1,"column":0},"end":{"line":1,"column":39}},"1":{"start":{"line":7,"column":8},"end":{"line":22,"column":11}},"2":{"start":{"line":26,"column":8},"end":{"line":26,"column":30}},"3":{"start":{"line":29,"column":8},"end":{"line":29,"column":30}},"4":{"start":{"line":33,"column":8},"end":{"line":33,"column":41}},"5":{"start":{"line":3,"column":0},"end":{"line":3,"column":13}},"6":{"start":{"line":5,"column":27},"end":{"line":5,"column":86}}},"fnMap":{"0":{"name":"(anonymous_6)","decl":{"start":{"line":6,"column":12},"end":{"line":6,"column":18}},"loc":{"start":{"line":6,"column":31},"end":{"line":24,"column":5}}},"1":{"name":"(anonymous_7)","decl":{"start":{"line":25,"column":11},"end":{"line":25,"column":17}},"loc":{"start":{"line":25,"column":34},"end":{"line":27,"column":5}}},"2":{"name":"(anonymous_8)","decl":{"start":{"line":28,"column":11},"end":{"line":28,"column":17}},"loc":{"start":{"line":28,"column":34},"end":{"line":30,"column":5}}},"3":{"name":"(anonymous_9)","decl":{"start":{"line":32,"column":11},"end":{"line":32,"column":17}},"loc":{"start":{"line":32,"column":71},"end":{"line":34,"column":5}}}},"branchMap":{},"s":{"0":3,"1":3,"2":0,"3":0,"4":2,"5":3,"6":3},"f":{"0":3,"1":0,"2":0,"3":2},"b":{}}
,"/home/rudolphm/balance-sheet-calculator/src/calculations/calculator.ts": {"path":"/home/rudolphm/balance-sheet-calculator/src/calculations/calculator.ts","statementMap":{"0":{"start":{"line":2,"column":0},"end":{"line":2,"column":64}},"1":{"start":{"line":3,"column":0},"end":{"line":3,"column":69}},"2":{"start":{"line":4,"column":0},"end":{"line":4,"column":63}},"3":{"start":{"line":7,"column":0},"end":{"line":7,"column":66}},"4":{"start":{"line":8,"column":0},"end":{"line":8,"column":94}},"5":{"start":{"line":28,"column":4},"end":{"line":28,"column":75}},"6":{"start":{"line":29,"column":4},"end":{"line":29,"column":59}},"7":{"start":{"line":30,"column":4},"end":{"line":30,"column":41}},"8":{"start":{"line":31,"column":4},"end":{"line":31,"column":59}},"9":{"start":{"line":32,"column":4},"end":{"line":32,"column":61}},"10":{"start":{"line":36,"column":4},"end":{"line":42,"column":null}},"11":{"start":{"line":18,"column":0},"end":{"line":18,"column":13}}},"fnMap":{"0":{"name":"(anonymous_7)","decl":{"start":{"line":26,"column":2},"end":{"line":26,"column":14}},"loc":{"start":{"line":27,"column":48},"end":{"line":33,"column":3}}},"1":{"name":"(anonymous_8)","decl":{"start":{"line":35,"column":15},"end":{"line":35,"column":24}},"loc":{"start":{"line":35,"column":51},"end":{"line":43,"column":null}}}},"branchMap":{},"s":{"0":5,"1":5,"2":5,"3":5,"4":5,"5":21,"6":21,"7":21,"8":21,"9":21,"10":21,"11":5},"f":{"0":21,"1":21},"b":{}}
,"/home/rudolphm/balance-sheet-calculator/src/calculations/customer.calc.ts": {"path":"/home/rudolphm/balance-sheet-calculator/src/calculations/customer.calc.ts","statementMap":{"0":{"start":{"line":13,"column":31},"end":{"line":13,"column":65}},"1":{"start":{"line":17,"column":54},"end":{"line":17,"column":118}},"2":{"start":{"line":18,"column":4},"end":{"line":18,"column":98}},"3":{"start":{"line":22,"column":17},"end":{"line":22,"column":18}},"4":{"start":{"line":23,"column":4},"end":{"line":26,"column":null}},"5":{"start":{"line":24,"column":23},"end":{"line":24,"column":83}},"6":{"start":{"line":25,"column":6},"end":{"line":25,"column":102}},"7":{"start":{"line":27,"column":4},"end":{"line":27,"column":18}},"8":{"start":{"line":11,"column":0},"end":{"line":11,"column":13}}},"fnMap":{"0":{"name":"(anonymous_0)","decl":{"start":{"line":13,"column":2},"end":{"line":13,"column":31}},"loc":{"start":{"line":13,"column":65},"end":{"line":14,"column":3}}},"1":{"name":"(anonymous_1)","decl":{"start":{"line":16,"column":9},"end":{"line":16,"column":18}},"loc":{"start":{"line":16,"column":45},"end":{"line":19,"column":3}}},"2":{"name":"(anonymous_2)","decl":{"start":{"line":21,"column":10},"end":{"line":21,"column":55}},"loc":{"start":{"line":21,"column":82},"end":{"line":28,"column":3}}}},"branchMap":{},"s":{"0":23,"1":23,"2":23,"3":23,"4":23,"5":6,"6":6,"7":23,"8":6},"f":{"0":23,"1":23,"2":23},"b":{}}
,"/home/rudolphm/balance-sheet-calculator/src/calculations/employees.calc.ts": {"path":"/home/rudolphm/balance-sheet-calculator/src/calculations/employees.calc.ts","statementMap":{"0":{"start":{"line":5,"column":0},"end":{"line":5,"column":null}},"1":{"start":{"line":6,"column":2},"end":{"line":6,"column":null}},"2":{"start":{"line":7,"column":2},"end":{"line":7,"column":null}},"3":{"start":{"line":8,"column":2},"end":{"line":8,"column":null}},"4":{"start":{"line":9,"column":2},"end":{"line":9,"column":null}},"5":{"start":{"line":19,"column":31},"end":{"line":19,"column":61}},"6":{"start":{"line":23,"column":32},"end":{"line":23,"column":79}},"7":{"start":{"line":24,"column":24},"end":{"line":24,"column":63}},"8":{"start":{"line":25,"column":24},"end":{"line":25,"column":63}},"9":{"start":{"line":26,"column":4},"end":{"line":26,"column":106}},"10":{"start":{"line":30,"column":25},"end":{"line":30,"column":26}},"11":{"start":{"line":31,"column":4},"end":{"line":35,"column":null}},"12":{"start":{"line":32,"column":29},"end":{"line":32,"column":89}},"13":{"start":{"line":33,"column":6},"end":{"line":34,"column":26}},"14":{"start":{"line":36,"column":4},"end":{"line":36,"column":18}},"15":{"start":{"line":40,"column":43},"end":{"line":41,"column":50}},"16":{"start":{"line":41,"column":27},"end":{"line":41,"column":46}},"17":{"start":{"line":42,"column":4},"end":{"line":42,"column":91}},"18":{"start":{"line":47,"column":26},"end":{"line":47,"column":59}},"19":{"start":{"line":49,"column":4},"end":{"line":49,"column":71}},"20":{"start":{"line":53,"column":17},"end":{"line":53,"column":18}},"21":{"start":{"line":54,"column":4},"end":{"line":56,"column":null}},"22":{"start":{"line":55,"column":6},"end":{"line":55,"column":113}},"23":{"start":{"line":57,"column":4},"end":{"line":57,"column":18}},"24":{"start":{"line":61,"column":16},"end":{"line":61,"column":23}},"25":{"start":{"line":62,"column":17},"end":{"line":62,"column":22}},"26":{"start":{"line":63,"column":18},"end":{"line":63,"column":24}},"27":{"start":{"line":64,"column":4},"end":{"line":75,"column":null}},"28":{"start":{"line":66,"column":6},"end":{"line":66,"column":31}},"29":{"start":{"line":67,"column":11},"end":{"line":75,"column":null}},"30":{"start":{"line":69,"column":6},"end":{"line":69,"column":31}},"31":{"start":{"line":70,"column":11},"end":{"line":75,"column":null}},"32":{"start":{"line":72,"column":6},"end":{"line":72,"column":32}},"33":{"start":{"line":74,"column":6},"end":{"line":74,"column":31}},"34":{"start":{"line":18,"column":0},"end":{"line":18,"column":13}}},"fnMap":{"0":{"name":"(anonymous_0)","decl":{"start":{"line":5,"column":0},"end":{"line":5,"column":12}},"loc":{"start":{"line":5,"column":23},"end":{"line":10,"column":1}}},"1":{"name":"(anonymous_1)","decl":{"start":{"line":19,"column":2},"end":{"line":19,"column":31}},"loc":{"start":{"line":19,"column":61},"end":{"line":20,"column":3}}},"2":{"name":"(anonymous_2)","decl":{"start":{"line":22,"column":9},"end":{"line":22,"column":18}},"loc":{"start":{"line":22,"column":45},"end":{"line":27,"column":3}}},"3":{"name":"(anonymous_3)","decl":{"start":{"line":29,"column":10},"end":{"line":29,"column":24}},"loc":{"start":{"line":29,"column":51},"end":{"line":37,"column":3}}},"4":{"name":"(anonymous_4)","decl":{"start":{"line":39,"column":10},"end":{"line":39,"column":34}},"loc":{"start":{"line":39,"column":61},"end":{"line":43,"column":3}}},"5":{"name":"(anonymous_5)","decl":{"start":{"line":41,"column":6},"end":{"line":41,"column":7}},"loc":{"start":{"line":41,"column":27},"end":{"line":41,"column":46}}},"6":{"name":"(anonymous_6)","decl":{"start":{"line":46,"column":10},"end":{"line":46,"column":38}},"loc":{"start":{"line":46,"column":65},"end":{"line":50,"column":3}}},"7":{"name":"(anonymous_7)","decl":{"start":{"line":52,"column":10},"end":{"line":52,"column":30}},"loc":{"start":{"line":52,"column":57},"end":{"line":58,"column":3}}},"8":{"name":"(anonymous_8)","decl":{"start":{"line":60,"column":10},"end":{"line":60,"column":30}},"loc":{"start":{"line":60,"column":57},"end":{"line":76,"column":3}}}},"branchMap":{"0":{"loc":{"start":{"line":5,"column":12},"end":{"line":5,"column":23}},"type":"binary-expr","locations":[{"start":{"line":5,"column":12},"end":{"line":5,"column":23}},{"start":{"line":5,"column":12},"end":{"line":5,"column":null}}]},"1":{"loc":{"start":{"line":64,"column":4},"end":{"line":75,"column":null}},"type":"if","locations":[{"start":{"line":64,"column":4},"end":{"line":75,"column":null}},{"start":{"line":64,"column":4},"end":{"line":75,"column":null}}]},"2":{"loc":{"start":{"line":64,"column":8},"end":{"line":64,"column":43}},"type":"binary-expr","locations":[{"start":{"line":64,"column":8},"end":{"line":64,"column":43}},{"start":{"line":65,"column":7},"end":{"line":65,"column":38}},{"start":{"line":65,"column":42},"end":{"line":65,"column":74}}]},"3":{"loc":{"start":{"line":67,"column":11},"end":{"line":75,"column":null}},"type":"if","locations":[{"start":{"line":67,"column":11},"end":{"line":75,"column":null}},{"start":{"line":67,"column":11},"end":{"line":75,"column":null}}]},"4":{"loc":{"start":{"line":67,"column":15},"end":{"line":67,"column":50}},"type":"binary-expr","locations":[{"start":{"line":67,"column":15},"end":{"line":67,"column":50}},{"start":{"line":68,"column":7},"end":{"line":68,"column":39}},{"start":{"line":68,"column":43},"end":{"line":68,"column":76}}]},"5":{"loc":{"start":{"line":70,"column":11},"end":{"line":75,"column":null}},"type":"if","locations":[{"start":{"line":70,"column":11},"end":{"line":75,"column":null}},{"start":{"line":70,"column":11},"end":{"line":75,"column":null}}]},"6":{"loc":{"start":{"line":70,"column":15},"end":{"line":70,"column":51}},"type":"binary-expr","locations":[{"start":{"line":70,"column":15},"end":{"line":70,"column":51}},{"start":{"line":71,"column":7},"end":{"line":71,"column":40}},{"start":{"line":71,"column":44},"end":{"line":71,"column":78}}]}},"s":{"0":7,"1":7,"2":7,"3":7,"4":7,"5":40,"6":40,"7":40,"8":40,"9":40,"10":40,"11":40,"12":61,"13":61,"14":40,"15":40,"16":61,"17":40,"18":40,"19":40,"20":40,"21":40,"22":61,"23":40,"24":40,"25":40,"26":40,"27":40,"28":33,"29":7,"30":3,"31":4,"32":2,"33":2,"34":7},"f":{"0":7,"1":40,"2":40,"3":40,"4":40,"5":61,"6":40,"7":40,"8":40},"b":{"0":[7,7],"1":[33,7],"2":[40,36,6],"3":[3,4],"4":[7,5,2],"5":[2,2],"6":[4,3,1]}}
,"/home/rudolphm/balance-sheet-calculator/src/calculations/finance.calc.ts": {"path":"/home/rudolphm/balance-sheet-calculator/src/calculations/finance.calc.ts","statementMap":{"0":{"start":{"line":3,"column":0},"end":{"line":3,"column":44}},"1":{"start":{"line":21,"column":34},"end":{"line":21,"column":77}},"2":{"start":{"line":22,"column":24},"end":{"line":22,"column":118}},"3":{"start":{"line":23,"column":27},"end":{"line":23,"column":128}},"4":{"start":{"line":24,"column":4},"end":{"line":27,"column":6}},"5":{"start":{"line":32,"column":4},"end":{"line":32,"column":120}},"6":{"start":{"line":32,"column":51},"end":{"line":32,"column":118}},"7":{"start":{"line":37,"column":4},"end":{"line":38,"column":90}},"8":{"start":{"line":43,"column":4},"end":{"line":43,"column":107}},"9":{"start":{"line":48,"column":4},"end":{"line":49,"column":122}},"10":{"start":{"line":12,"column":0},"end":{"line":12,"column":13}},"11":{"start":{"line":14,"column":25},"end":{"line":14,"column":68}},"12":{"start":{"line":15,"column":25},"end":{"line":15,"column":61}},"13":{"start":{"line":16,"column":25},"end":{"line":16,"column":65}}},"fnMap":{"0":{"name":"(anonymous_0)","decl":{"start":{"line":17,"column":2},"end":{"line":17,"column":null}},"loc":{"start":{"line":17,"column":2},"end":{"line":18,"column":3}}},"1":{"name":"(anonymous_1)","decl":{"start":{"line":20,"column":9},"end":{"line":20,"column":18}},"loc":{"start":{"line":20,"column":45},"end":{"line":28,"column":3}}},"2":{"name":"(anonymous_2)","decl":{"start":{"line":31,"column":10},"end":{"line":31,"column":50}},"loc":{"start":{"line":31,"column":77},"end":{"line":33,"column":3}}},"3":{"name":"(anonymous_3)","decl":{"start":{"line":32,"column":45},"end":{"line":32,"column":47}},"loc":{"start":{"line":32,"column":51},"end":{"line":32,"column":118}}},"4":{"name":"(anonymous_4)","decl":{"start":{"line":36,"column":10},"end":{"line":36,"column":34}},"loc":{"start":{"line":36,"column":61},"end":{"line":39,"column":3}}},"5":{"name":"(anonymous_5)","decl":{"start":{"line":42,"column":10},"end":{"line":42,"column":32}},"loc":{"start":{"line":42,"column":59},"end":{"line":44,"column":3}}},"6":{"name":"(anonymous_6)","decl":{"start":{"line":47,"column":10},"end":{"line":47,"column":35}},"loc":{"start":{"line":47,"column":62},"end":{"line":50,"column":3}}}},"branchMap":{"0":{"loc":{"start":{"line":43,"column":43},"end":{"line":43,"column":49}},"type":"cond-expr","locations":[{"start":{"line":43,"column":43},"end":{"line":43,"column":49}},{"start":{"line":43,"column":52},"end":{"line":43,"column":106}}]},"1":{"loc":{"start":{"line":48,"column":44},"end":{"line":48,"column":50}},"type":"cond-expr","locations":[{"start":{"line":48,"column":44},"end":{"line":48,"column":50}},{"start":{"line":49,"column":6},"end":{"line":49,"column":121}}]}},"s":{"0":6,"1":26,"2":26,"3":26,"4":26,"5":26,"6":4,"7":26,"8":26,"9":26,"10":6,"11":6,"12":6,"13":6},"f":{"0":26,"1":26,"2":26,"3":4,"4":26,"5":26,"6":26},"b":{"0":[10,16],"1":[10,16]}}
,"/home/rudolphm/balance-sheet-calculator/src/calculations/option.ts": {"path":"/home/rudolphm/balance-sheet-calculator/src/calculations/option.ts","statementMap":{"0":{"start":{"line":6,"column":4},"end":{"line":6,"column":49}},"1":{"start":{"line":6,"column":29},"end":{"line":6,"column":49}},"2":{"start":{"line":7,"column":4},"end":{"line":7,"column":22}},"3":{"start":{"line":11,"column":4},"end":{"line":11,"column":46}},"4":{"start":{"line":11,"column":29},"end":{"line":11,"column":46}},"5":{"start":{"line":12,"column":4},"end":{"line":12,"column":22}},"6":{"start":{"line":16,"column":4},"end":{"line":16,"column":31}},"7":{"start":{"line":26,"column":4},"end":{"line":26,"column":12}},"8":{"start":{"line":25,"column":23},"end":{"line":25,"column":31}},"9":{"start":{"line":22,"column":11},"end":{"line":22,"column":32}},"10":{"start":{"line":21,"column":0},"end":{"line":21,"column":13}},"11":{"start":{"line":39,"column":4},"end":{"line":39,"column":12}},"12":{"start":{"line":35,"column":11},"end":{"line":35,"column":32}},"13":{"start":{"line":30,"column":0},"end":{"line":30,"column":13}},"14":{"start":{"line":33,"column":18},"end":{"line":33,"column":51}},"15":{"start":{"line":44,"column":20},"end":{"line":44,"column":49}},"16":{"start":{"line":44,"column":40},"end":{"line":44,"column":49}},"17":{"start":{"line":44,"column":13},"end":{"line":44,"column":20}},"18":{"start":{"line":46,"column":20},"end":{"line":46,"column":55}},"19":{"start":{"line":46,"column":44},"end":{"line":46,"column":55}},"20":{"start":{"line":46,"column":13},"end":{"line":46,"column":20}}},"fnMap":{"0":{"name":"(anonymous_0)","decl":{"start":{"line":5,"column":2},"end":{"line":5,"column":11}},"loc":{"start":{"line":5,"column":44},"end":{"line":8,"column":3}}},"1":{"name":"(anonymous_1)","decl":{"start":{"line":10,"column":2},"end":{"line":10,"column":5}},"loc":{"start":{"line":10,"column":5},"end":{"line":13,"column":3}}},"2":{"name":"(anonymous_2)","decl":{"start":{"line":15,"column":2},"end":{"line":15,"column":11}},"loc":{"start":{"line":15,"column":11},"end":{"line":17,"column":3}}},"3":{"name":"(anonymous_3)","decl":{"start":{"line":25,"column":2},"end":{"line":25,"column":23}},"loc":{"start":{"line":25,"column":31},"end":{"line":27,"column":3}}},"4":{"name":"(anonymous_4)","decl":{"start":{"line":38,"column":2},"end":{"line":38,"column":null}},"loc":{"start":{"line":38,"column":2},"end":{"line":40,"column":3}}},"5":{"name":"(anonymous_5)","decl":{"start":{"line":44,"column":20},"end":{"line":44,"column":37}},"loc":{"start":{"line":44,"column":40},"end":{"line":44,"column":49}}},"6":{"name":"(anonymous_6)","decl":{"start":{"line":46,"column":20},"end":{"line":46,"column":24}},"loc":{"start":{"line":46,"column":44},"end":{"line":46,"column":55}}}},"branchMap":{"0":{"loc":{"start":{"line":6,"column":4},"end":{"line":6,"column":49}},"type":"if","locations":[{"start":{"line":6,"column":4},"end":{"line":6,"column":49}},{"start":{"line":6,"column":4},"end":{"line":6,"column":49}}]},"1":{"loc":{"start":{"line":11,"column":4},"end":{"line":11,"column":46}},"type":"if","locations":[{"start":{"line":11,"column":4},"end":{"line":11,"column":46}},{"start":{"line":11,"column":4},"end":{"line":11,"column":46}}]}},"s":{"0":54,"1":21,"2":33,"3":6,"4":1,"5":5,"6":21,"7":60,"8":60,"9":60,"10":9,"11":9,"12":9,"13":9,"14":9,"15":9,"16":46,"17":9,"18":9,"19":60,"20":9},"f":{"0":54,"1":6,"2":21,"3":60,"4":9,"5":46,"6":60},"b":{"0":[21,33],"1":[1,5]}}
,"/home/rudolphm/balance-sheet-calculator/src/calculations/social.environment.calc.ts": {"path":"/home/rudolphm/balance-sheet-calculator/src/calculations/social.environment.calc.ts","statementMap":{"0":{"start":{"line":3,"column":0},"end":{"line":3,"column":44}},"1":{"start":{"line":19,"column":4},"end":{"line":22,"column":6}},"2":{"start":{"line":26,"column":4},"end":{"line":26,"column":104}},"3":{"start":{"line":30,"column":4},"end":{"line":31,"column":88}},"4":{"start":{"line":30,"column":51},"end":{"line":31,"column":86}},"5":{"start":{"line":10,"column":0},"end":{"line":10,"column":13}},"6":{"start":{"line":12,"column":25},"end":{"line":12,"column":56}},"7":{"start":{"line":13,"column":25},"end":{"line":13,"column":71}}},"fnMap":{"0":{"name":"(anonymous_0)","decl":{"start":{"line":15,"column":2},"end":{"line":15,"column":null}},"loc":{"start":{"line":15,"column":2},"end":{"line":16,"column":3}}},"1":{"name":"(anonymous_1)","decl":{"start":{"line":18,"column":9},"end":{"line":18,"column":18}},"loc":{"start":{"line":18,"column":45},"end":{"line":23,"column":3}}},"2":{"name":"(anonymous_2)","decl":{"start":{"line":25,"column":10},"end":{"line":25,"column":41}},"loc":{"start":{"line":25,"column":68},"end":{"line":27,"column":3}}},"3":{"name":"(anonymous_3)","decl":{"start":{"line":29,"column":10},"end":{"line":29,"column":61}},"loc":{"start":{"line":29,"column":88},"end":{"line":32,"column":3}}},"4":{"name":"(anonymous_4)","decl":{"start":{"line":30,"column":45},"end":{"line":30,"column":47}},"loc":{"start":{"line":30,"column":51},"end":{"line":31,"column":86}}}},"branchMap":{"0":{"loc":{"start":{"line":26,"column":43},"end":{"line":26,"column":49}},"type":"cond-expr","locations":[{"start":{"line":26,"column":43},"end":{"line":26,"column":49}},{"start":{"line":26,"column":52},"end":{"line":26,"column":103}}]},"1":{"loc":{"start":{"line":30,"column":51},"end":{"line":30,"column":116}},"type":"binary-expr","locations":[{"start":{"line":30,"column":51},"end":{"line":30,"column":116}},{"start":{"line":31,"column":6},"end":{"line":31,"column":86}}]}},"s":{"0":6,"1":26,"2":26,"3":26,"4":8,"5":6,"6":6,"7":6},"f":{"0":26,"1":26,"2":26,"3":26,"4":8},"b":{"0":[22,4],"1":[8,7]}}
,"/home/rudolphm/balance-sheet-calculator/src/calculations/stakeholder.weight.calculator.ts": {"path":"/home/rudolphm/balance-sheet-calculator/src/calculations/stakeholder.weight.calculator.ts","statementMap":{"0":{"start":{"line":6,"column":21},"end":{"line":6,"column":57}},"1":{"start":{"line":7,"column":21},"end":{"line":7,"column":55}},"2":{"start":{"line":11,"column":29},"end":{"line":11,"column":30}},"3":{"start":{"line":12,"column":8},"end":{"line":31,"column":null}},"4":{"start":{"line":14,"column":16},"end":{"line":14,"column":89}},"5":{"start":{"line":15,"column":16},"end":{"line":15,"column":22}},"6":{"start":{"line":17,"column":16},"end":{"line":17,"column":90}},"7":{"start":{"line":18,"column":16},"end":{"line":18,"column":22}},"8":{"start":{"line":20,"column":16},"end":{"line":20,"column":89}},"9":{"start":{"line":21,"column":16},"end":{"line":21,"column":22}},"10":{"start":{"line":23,"column":16},"end":{"line":23,"column":78}},"11":{"start":{"line":24,"column":16},"end":{"line":24,"column":22}},"12":{"start":{"line":26,"column":16},"end":{"line":26,"column":88}},"13":{"start":{"line":27,"column":16},"end":{"line":27,"column":22}},"14":{"start":{"line":29,"column":16},"end":{"line":29,"column":27}},"15":{"start":{"line":30,"column":16},"end":{"line":30,"column":22}},"16":{"start":{"line":32,"column":8},"end":{"line":32,"column":22}},"17":{"start":{"line":38,"column":47},"end":{"line":38,"column":109}},"18":{"start":{"line":39,"column":8},"end":{"line":39,"column":96}},"19":{"start":{"line":44,"column":30},"end":{"line":44,"column":76}},"20":{"start":{"line":45,"column":8},"end":{"line":45,"column":79}},"21":{"start":{"line":50,"column":30},"end":{"line":50,"column":76}},"22":{"start":{"line":51,"column":8},"end":{"line":51,"column":79}},"23":{"start":{"line":56,"column":8},"end":{"line":56,"column":19}},"24":{"start":{"line":61,"column":8},"end":{"line":61,"column":19}},"25":{"start":{"line":65,"column":8},"end":{"line":73,"column":null}},"26":{"start":{"line":66,"column":12},"end":{"line":66,"column":23}},"27":{"start":{"line":67,"column":15},"end":{"line":73,"column":null}},"28":{"start":{"line":68,"column":12},"end":{"line":68,"column":21}},"29":{"start":{"line":69,"column":15},"end":{"line":73,"column":null}},"30":{"start":{"line":70,"column":12},"end":{"line":70,"column":21}},"31":{"start":{"line":72,"column":12},"end":{"line":72,"column":23}},"32":{"start":{"line":77,"column":8},"end":{"line":78,"column":88}},"33":{"start":{"line":84,"column":26},"end":{"line":84,"column":74}},"34":{"start":{"line":86,"column":28},"end":{"line":87,"column":117}},"35":{"start":{"line":89,"column":8},"end":{"line":89,"column":96}},"36":{"start":{"line":94,"column":26},"end":{"line":94,"column":83}},"37":{"start":{"line":95,"column":36},"end":{"line":96,"column":117}},"38":{"start":{"line":97,"column":8},"end":{"line":97,"column":97}},"39":{"start":{"line":102,"column":26},"end":{"line":102,"column":83}},"40":{"start":{"line":103,"column":36},"end":{"line":104,"column":117}},"41":{"start":{"line":105,"column":8},"end":{"line":105,"column":97}},"42":{"start":{"line":4,"column":0},"end":{"line":4,"column":13}}},"fnMap":{"0":{"name":"(anonymous_7)","decl":{"start":{"line":4,"column":0},"end":{"line":4,"column":13}},"loc":{"start":{"line":4,"column":0},"end":{"line":107,"column":1}}},"1":{"name":"(anonymous_8)","decl":{"start":{"line":9,"column":17},"end":{"line":9,"column":38}},"loc":{"start":{"line":9,"column":88},"end":{"line":34,"column":null}}},"2":{"name":"(anonymous_10)","decl":{"start":{"line":37,"column":17},"end":{"line":37,"column":56}},"loc":{"start":{"line":37,"column":81},"end":{"line":40,"column":null}}},"3":{"name":"(anonymous_12)","decl":{"start":{"line":43,"column":17},"end":{"line":43,"column":57}},"loc":{"start":{"line":43,"column":82},"end":{"line":46,"column":null}}},"4":{"name":"(anonymous_14)","decl":{"start":{"line":49,"column":17},"end":{"line":49,"column":56}},"loc":{"start":{"line":49,"column":81},"end":{"line":52,"column":null}}},"5":{"name":"(anonymous_16)","decl":{"start":{"line":55,"column":17},"end":{"line":55,"column":56}},"loc":{"start":{"line":55,"column":56},"end":{"line":57,"column":null}}},"6":{"name":"(anonymous_18)","decl":{"start":{"line":60,"column":17},"end":{"line":60,"column":66}},"loc":{"start":{"line":60,"column":66},"end":{"line":62,"column":null}}},"7":{"name":"(anonymous_20)","decl":{"start":{"line":64,"column":11},"end":{"line":64,"column":22}},"loc":{"start":{"line":64,"column":66},"end":{"line":74,"column":5}}},"8":{"name":"(anonymous_21)","decl":{"start":{"line":76,"column":11},"end":{"line":76,"column":36}},"loc":{"start":{"line":76,"column":74},"end":{"line":79,"column":5}}},"9":{"name":"(anonymous_22)","decl":{"start":{"line":82,"column":17},"end":{"line":82,"column":55}},"loc":{"start":{"line":82,"column":80},"end":{"line":90,"column":null}}},"10":{"name":"(anonymous_24)","decl":{"start":{"line":93,"column":17},"end":{"line":93,"column":39}},"loc":{"start":{"line":93,"column":64},"end":{"line":98,"column":null}}},"11":{"name":"(anonymous_26)","decl":{"start":{"line":101,"column":17},"end":{"line":101,"column":39}},"loc":{"start":{"line":101,"column":64},"end":{"line":106,"column":null}}}},"branchMap":{"0":{"loc":{"start":{"line":13,"column":12},"end":{"line":15,"column":22}},"type":"switch","locations":[{"start":{"line":13,"column":12},"end":{"line":15,"column":22}},{"start":{"line":16,"column":12},"end":{"line":18,"column":22}},{"start":{"line":19,"column":12},"end":{"line":21,"column":22}},{"start":{"line":22,"column":12},"end":{"line":24,"column":22}},{"start":{"line":25,"column":12},"end":{"line":27,"column":22}},{"start":{"line":28,"column":12},"end":{"line":30,"column":22}}]},"1":{"loc":{"start":{"line":65,"column":8},"end":{"line":73,"column":null}},"type":"if","locations":[{"start":{"line":65,"column":8},"end":{"line":73,"column":null}},{"start":{"line":65,"column":8},"end":{"line":73,"column":null}}]},"2":{"loc":{"start":{"line":67,"column":15},"end":{"line":73,"column":null}},"type":"if","locations":[{"start":{"line":67,"column":15},"end":{"line":73,"column":null}},{"start":{"line":67,"column":15},"end":{"line":73,"column":null}}]},"3":{"loc":{"start":{"line":69,"column":15},"end":{"line":73,"column":null}},"type":"if","locations":[{"start":{"line":69,"column":15},"end":{"line":73,"column":null}},{"start":{"line":69,"column":15},"end":{"line":73,"column":null}}]},"4":{"loc":{"start":{"line":77,"column":52},"end":{"line":77,"column":54}},"type":"cond-expr","locations":[{"start":{"line":77,"column":52},"end":{"line":77,"column":54}},{"start":{"line":78,"column":14},"end":{"line":78,"column":87}}]},"5":{"loc":{"start":{"line":78,"column":52},"end":{"line":78,"column":55}},"type":"cond-expr","locations":[{"start":{"line":78,"column":52},"end":{"line":78,"column":55}},{"start":{"line":78,"column":58},"end":{"line":78,"column":87}}]},"6":{"loc":{"start":{"line":89,"column":34},"end":{"line":89,"column":61}},"type":"cond-expr","locations":[{"start":{"line":89,"column":34},"end":{"line":89,"column":61}},{"start":{"line":89,"column":64},"end":{"line":89,"column":95}}]},"7":{"loc":{"start":{"line":97,"column":34},"end":{"line":97,"column":62}},"type":"cond-expr","locations":[{"start":{"line":97,"column":34},"end":{"line":97,"column":62}},{"start":{"line":97,"column":65},"end":{"line":97,"column":96}}]},"8":{"loc":{"start":{"line":105,"column":34},"end":{"line":105,"column":62}},"type":"cond-expr","locations":[{"start":{"line":105,"column":34},"end":{"line":105,"column":62}},{"start":{"line":105,"column":65},"end":{"line":105,"column":96}}]}},"s":{"0":22,"1":22,"2":647,"3":647,"4":131,"5":131,"6":129,"7":129,"8":129,"9":129,"10":129,"11":129,"12":129,"13":129,"14":0,"15":0,"16":647,"17":131,"18":131,"19":129,"20":129,"21":129,"22":129,"23":129,"24":129,"25":389,"26":65,"27":324,"28":33,"29":291,"30":179,"31":112,"32":393,"33":132,"34":132,"35":132,"36":130,"37":130,"38":130,"39":130,"40":130,"41":130,"42":5},"f":{"0":22,"1":647,"2":131,"3":129,"4":129,"5":129,"6":129,"7":389,"8":393,"9":132,"10":130,"11":130},"b":{"0":[131,129,129,129,129,0],"1":[65,324],"2":[33,291],"3":[179,112],"4":[66,327],"5":[34,293],"6":[92,40],"7":[90,40],"8":[90,40]}}
,"/home/rudolphm/balance-sheet-calculator/src/calculations/supplier.calc.ts": {"path":"/home/rudolphm/balance-sheet-calculator/src/calculations/supplier.calc.ts","statementMap":{"0":{"start":{"line":16,"column":31},"end":{"line":16,"column":61}},"1":{"start":{"line":17,"column":31},"end":{"line":17,"column":65}},"2":{"start":{"line":21,"column":26},"end":{"line":21,"column":58}},"3":{"start":{"line":22,"column":28},"end":{"line":22,"column":79}},"4":{"start":{"line":23,"column":24},"end":{"line":23,"column":69}},"5":{"start":{"line":24,"column":4},"end":{"line":24,"column":119}},"6":{"start":{"line":25,"column":4},"end":{"line":25,"column":106}},"7":{"start":{"line":30,"column":17},"end":{"line":30,"column":18}},"8":{"start":{"line":31,"column":4},"end":{"line":34,"column":null}},"9":{"start":{"line":32,"column":29},"end":{"line":32,"column":86}},"10":{"start":{"line":33,"column":6},"end":{"line":33,"column":55}},"11":{"start":{"line":35,"column":4},"end":{"line":35,"column":18}},"12":{"start":{"line":39,"column":25},"end":{"line":39,"column":26}},"13":{"start":{"line":40,"column":34},"end":{"line":40,"column":35}},"14":{"start":{"line":41,"column":4},"end":{"line":45,"column":null}},"15":{"start":{"line":42,"column":25},"end":{"line":42,"column":71}},"16":{"start":{"line":43,"column":6},"end":{"line":43,"column":36}},"17":{"start":{"line":44,"column":6},"end":{"line":44,"column":76}},"18":{"start":{"line":46,"column":4},"end":{"line":46,"column":36}},"19":{"start":{"line":50,"column":25},"end":{"line":50,"column":26}},"20":{"start":{"line":51,"column":4},"end":{"line":54,"column":null}},"21":{"start":{"line":52,"column":21},"end":{"line":52,"column":78}},"22":{"start":{"line":53,"column":6},"end":{"line":53,"column":77}},"23":{"start":{"line":55,"column":4},"end":{"line":55,"column":18}},"24":{"start":{"line":60,"column":27},"end":{"line":60,"column":84}},"25":{"start":{"line":61,"column":4},"end":{"line":61,"column":68}},"26":{"start":{"line":66,"column":31},"end":{"line":66,"column":91}},"27":{"start":{"line":67,"column":4},"end":{"line":67,"column":46}},"28":{"start":{"line":14,"column":0},"end":{"line":14,"column":13}},"29":{"start":{"line":15,"column":26},"end":{"line":15,"column":58}}},"fnMap":{"0":{"name":"(anonymous_0)","decl":{"start":{"line":16,"column":2},"end":{"line":16,"column":31}},"loc":{"start":{"line":17,"column":65},"end":{"line":18,"column":3}}},"1":{"name":"(anonymous_1)","decl":{"start":{"line":20,"column":9},"end":{"line":20,"column":18}},"loc":{"start":{"line":20,"column":45},"end":{"line":26,"column":3}}},"2":{"name":"(anonymous_2)","decl":{"start":{"line":29,"column":9},"end":{"line":29,"column":22}},"loc":{"start":{"line":29,"column":49},"end":{"line":36,"column":3}}},"3":{"name":"(anonymous_3)","decl":{"start":{"line":38,"column":9},"end":{"line":38,"column":26}},"loc":{"start":{"line":38,"column":76},"end":{"line":47,"column":3}}},"4":{"name":"(anonymous_4)","decl":{"start":{"line":49,"column":9},"end":{"line":49,"column":20}},"loc":{"start":{"line":49,"column":70},"end":{"line":56,"column":3}}},"5":{"name":"(anonymous_5)","decl":{"start":{"line":59,"column":9},"end":{"line":59,"column":19}},"loc":{"start":{"line":59,"column":73},"end":{"line":62,"column":3}}},"6":{"name":"(anonymous_6)","decl":{"start":{"line":65,"column":9},"end":{"line":65,"column":34}},"loc":{"start":{"line":65,"column":65},"end":{"line":68,"column":3}}}},"branchMap":{"0":{"loc":{"start":{"line":24,"column":58},"end":{"line":24,"column":98}},"type":"cond-expr","locations":[{"start":{"line":24,"column":58},"end":{"line":24,"column":98}},{"start":{"line":24,"column":101},"end":{"line":24,"column":118}}]}},"s":{"0":22,"1":22,"2":22,"3":22,"4":22,"5":22,"6":22,"7":22,"8":22,"9":31,"10":31,"11":22,"12":22,"13":22,"14":22,"15":31,"16":31,"17":31,"18":22,"19":22,"20":22,"21":31,"22":31,"23":22,"24":62,"25":62,"26":31,"27":31,"28":6,"29":6},"f":{"0":22,"1":22,"2":22,"3":22,"4":22,"5":62,"6":31},"b":{"0":[8,14]}}
,"/home/rudolphm/balance-sheet-calculator/src/calculations/topic.updater.ts": {"path":"/home/rudolphm/balance-sheet-calculator/src/calculations/topic.updater.ts","statementMap":{"0":{"start":{"line":1,"column":0},"end":{"line":1,"column":78}},"1":{"start":{"line":4,"column":0},"end":{"line":4,"column":64}},"2":{"start":{"line":8,"column":12},"end":{"line":8,"column":105}},"3":{"start":{"line":9,"column":12},"end":{"line":9,"column":87}},"4":{"start":{"line":12,"column":32},"end":{"line":12,"column":33}},"5":{"start":{"line":14,"column":8},"end":{"line":21,"column":null}},"6":{"start":{"line":15,"column":44},"end":{"line":15,"column":75}},"7":{"start":{"line":16,"column":46},"end":{"line":17,"column":26}},"8":{"start":{"line":18,"column":12},"end":{"line":19,"column":58}},"9":{"start":{"line":20,"column":12},"end":{"line":20,"column":66}},"10":{"start":{"line":23,"column":8},"end":{"line":32,"column":null}},"11":{"start":{"line":25,"column":44},"end":{"line":25,"column":75}},"12":{"start":{"line":26,"column":46},"end":{"line":27,"column":26}},"13":{"start":{"line":28,"column":12},"end":{"line":28,"column":90}},"14":{"start":{"line":29,"column":12},"end":{"line":29,"column":46}},"15":{"start":{"line":30,"column":12},"end":{"line":30,"column":46}},"16":{"start":{"line":31,"column":12},"end":{"line":31,"column":91}},"17":{"start":{"line":31,"column":66},"end":{"line":31,"column":86}},"18":{"start":{"line":36,"column":8},"end":{"line":39,"column":null}},"19":{"start":{"line":36,"column":55},"end":{"line":36,"column":76}},"20":{"start":{"line":37,"column":12},"end":{"line":37,"column":59}},"21":{"start":{"line":38,"column":12},"end":{"line":38,"column":70}},"22":{"start":{"line":43,"column":33},"end":{"line":43,"column":34}},"23":{"start":{"line":44,"column":32},"end":{"line":44,"column":79}},"24":{"start":{"line":44,"column":58},"end":{"line":44,"column":78}},"25":{"start":{"line":45,"column":8},"end":{"line":47,"column":null}},"26":{"start":{"line":46,"column":12},"end":{"line":46,"column":48}},"27":{"start":{"line":48,"column":8},"end":{"line":51,"column":null}},"28":{"start":{"line":49,"column":12},"end":{"line":49,"column":113}},"29":{"start":{"line":50,"column":12},"end":{"line":50,"column":73}},"30":{"start":{"line":7,"column":0},"end":{"line":7,"column":13}}},"fnMap":{"0":{"name":"(anonymous_7)","decl":{"start":{"line":7,"column":0},"end":{"line":7,"column":13}},"loc":{"start":{"line":7,"column":0},"end":{"line":53,"column":1}}},"1":{"name":"(anonymous_8)","decl":{"start":{"line":11,"column":17},"end":{"line":11,"column":23}},"loc":{"start":{"line":11,"column":93},"end":{"line":33,"column":null}}},"2":{"name":"(anonymous_10)","decl":{"start":{"line":31,"column":48},"end":{"line":31,"column":49}},"loc":{"start":{"line":31,"column":66},"end":{"line":31,"column":86}}},"3":{"name":"(anonymous_11)","decl":{"start":{"line":35,"column":12},"end":{"line":35,"column":33}},"loc":{"start":{"line":35,"column":46},"end":{"line":40,"column":5}}},"4":{"name":"(anonymous_12)","decl":{"start":{"line":36,"column":50},"end":{"line":36,"column":51}},"loc":{"start":{"line":36,"column":55},"end":{"line":36,"column":76}}},"5":{"name":"(anonymous_13)","decl":{"start":{"line":42,"column":12},"end":{"line":42,"column":33}},"loc":{"start":{"line":42,"column":46},"end":{"line":52,"column":5}}},"6":{"name":"(anonymous_14)","decl":{"start":{"line":44,"column":53},"end":{"line":44,"column":54}},"loc":{"start":{"line":44,"column":58},"end":{"line":44,"column":78}}}},"branchMap":{"0":{"loc":{"start":{"line":18,"column":58},"end":{"line":18,"column":70}},"type":"cond-expr","locations":[{"start":{"line":18,"column":58},"end":{"line":18,"column":70}},{"start":{"line":18,"column":73},"end":{"line":19,"column":57}}]},"1":{"loc":{"start":{"line":49,"column":56},"end":{"line":49,"column":108}},"type":"cond-expr","locations":[{"start":{"line":49,"column":56},"end":{"line":49,"column":108}},{"start":{"line":49,"column":111},"end":{"line":49,"column":112}}]}},"s":{"0":4,"1":4,"2":17,"3":17,"4":17,"5":17,"6":321,"7":321,"8":321,"9":321,"10":17,"11":321,"12":321,"13":321,"14":321,"15":321,"16":321,"17":876,"18":321,"19":876,"20":304,"21":304,"22":321,"23":321,"24":876,"25":321,"26":572,"27":321,"28":572,"29":572,"30":4},"f":{"0":17,"1":17,"2":876,"3":321,"4":876,"5":321,"6":876},"b":{"0":[61,260],"1":[572,0]}}
,"/home/rudolphm/balance-sheet-calculator/src/calculations/topic.weight.calculator.ts": {"path":"/home/rudolphm/balance-sheet-calculator/src/calculations/topic.weight.calculator.ts","statementMap":{"0":{"start":{"line":3,"column":0},"end":{"line":3,"column":45}},"1":{"start":{"line":9,"column":29},"end":{"line":9,"column":30}},"2":{"start":{"line":10,"column":8},"end":{"line":74,"column":null}},"3":{"start":{"line":12,"column":16},"end":{"line":12,"column":53}},"4":{"start":{"line":13,"column":16},"end":{"line":13,"column":22}},"5":{"start":{"line":15,"column":16},"end":{"line":15,"column":53}},"6":{"start":{"line":16,"column":16},"end":{"line":16,"column":22}},"7":{"start":{"line":18,"column":16},"end":{"line":18,"column":74}},"8":{"start":{"line":19,"column":16},"end":{"line":19,"column":22}},"9":{"start":{"line":21,"column":16},"end":{"line":21,"column":74}},"10":{"start":{"line":22,"column":16},"end":{"line":22,"column":22}},"11":{"start":{"line":24,"column":16},"end":{"line":24,"column":74}},"12":{"start":{"line":25,"column":16},"end":{"line":25,"column":22}},"13":{"start":{"line":27,"column":16},"end":{"line":27,"column":90}},"14":{"start":{"line":28,"column":16},"end":{"line":28,"column":22}},"15":{"start":{"line":30,"column":16},"end":{"line":30,"column":74}},"16":{"start":{"line":31,"column":16},"end":{"line":31,"column":22}},"17":{"start":{"line":33,"column":16},"end":{"line":33,"column":74}},"18":{"start":{"line":34,"column":16},"end":{"line":34,"column":22}},"19":{"start":{"line":36,"column":16},"end":{"line":36,"column":47}},"20":{"start":{"line":37,"column":16},"end":{"line":37,"column":22}},"21":{"start":{"line":39,"column":16},"end":{"line":39,"column":47}},"22":{"start":{"line":40,"column":16},"end":{"line":40,"column":22}},"23":{"start":{"line":42,"column":16},"end":{"line":42,"column":69}},"24":{"start":{"line":43,"column":16},"end":{"line":43,"column":22}},"25":{"start":{"line":45,"column":16},"end":{"line":45,"column":82}},"26":{"start":{"line":46,"column":16},"end":{"line":46,"column":22}},"27":{"start":{"line":48,"column":16},"end":{"line":48,"column":47}},"28":{"start":{"line":49,"column":16},"end":{"line":49,"column":22}},"29":{"start":{"line":51,"column":16},"end":{"line":51,"column":47}},"30":{"start":{"line":52,"column":16},"end":{"line":52,"column":22}},"31":{"start":{"line":54,"column":16},"end":{"line":54,"column":73}},"32":{"start":{"line":55,"column":16},"end":{"line":55,"column":22}},"33":{"start":{"line":57,"column":16},"end":{"line":57,"column":69}},"34":{"start":{"line":58,"column":16},"end":{"line":58,"column":22}},"35":{"start":{"line":60,"column":16},"end":{"line":60,"column":47}},"36":{"start":{"line":61,"column":16},"end":{"line":61,"column":22}},"37":{"start":{"line":63,"column":16},"end":{"line":63,"column":68}},"38":{"start":{"line":64,"column":16},"end":{"line":64,"column":22}},"39":{"start":{"line":66,"column":16},"end":{"line":66,"column":73}},"40":{"start":{"line":67,"column":16},"end":{"line":67,"column":22}},"41":{"start":{"line":69,"column":16},"end":{"line":69,"column":68}},"42":{"start":{"line":70,"column":16},"end":{"line":70,"column":22}},"43":{"start":{"line":72,"column":16},"end":{"line":72,"column":27}},"44":{"start":{"line":73,"column":16},"end":{"line":73,"column":22}},"45":{"start":{"line":75,"column":8},"end":{"line":75,"column":22}},"46":{"start":{"line":79,"column":8},"end":{"line":79,"column":19}},"47":{"start":{"line":83,"column":8},"end":{"line":91,"column":null}},"48":{"start":{"line":84,"column":12},"end":{"line":84,"column":21}},"49":{"start":{"line":85,"column":15},"end":{"line":91,"column":null}},"50":{"start":{"line":86,"column":12},"end":{"line":86,"column":23}},"51":{"start":{"line":87,"column":15},"end":{"line":91,"column":null}},"52":{"start":{"line":88,"column":12},"end":{"line":88,"column":23}},"53":{"start":{"line":90,"column":12},"end":{"line":90,"column":21}},"54":{"start":{"line":95,"column":8},"end":{"line":103,"column":null}},"55":{"start":{"line":96,"column":12},"end":{"line":96,"column":23}},"56":{"start":{"line":97,"column":15},"end":{"line":103,"column":null}},"57":{"start":{"line":98,"column":12},"end":{"line":98,"column":21}},"58":{"start":{"line":99,"column":15},"end":{"line":103,"column":null}},"59":{"start":{"line":100,"column":12},"end":{"line":100,"column":23}},"60":{"start":{"line":102,"column":12},"end":{"line":102,"column":21}},"61":{"start":{"line":107,"column":8},"end":{"line":115,"column":null}},"62":{"start":{"line":108,"column":12},"end":{"line":108,"column":21}},"63":{"start":{"line":109,"column":15},"end":{"line":115,"column":null}},"64":{"start":{"line":110,"column":12},"end":{"line":110,"column":23}},"65":{"start":{"line":111,"column":15},"end":{"line":115,"column":null}},"66":{"start":{"line":112,"column":12},"end":{"line":112,"column":23}},"67":{"start":{"line":114,"column":12},"end":{"line":114,"column":21}},"68":{"start":{"line":119,"column":8},"end":{"line":129,"column":null}},"69":{"start":{"line":120,"column":12},"end":{"line":120,"column":21}},"70":{"start":{"line":121,"column":15},"end":{"line":129,"column":null}},"71":{"start":{"line":122,"column":12},"end":{"line":122,"column":null}},"72":{"start":{"line":123,"column":15},"end":{"line":129,"column":null}},"73":{"start":{"line":124,"column":12},"end":{"line":124,"column":21}},"74":{"start":{"line":125,"column":15},"end":{"line":129,"column":null}},"75":{"start":{"line":126,"column":12},"end":{"line":126,"column":23}},"76":{"start":{"line":128,"column":12},"end":{"line":128,"column":21}},"77":{"start":{"line":134,"column":8},"end":{"line":142,"column":null}},"78":{"start":{"line":135,"column":12},"end":{"line":135,"column":21}},"79":{"start":{"line":136,"column":15},"end":{"line":142,"column":null}},"80":{"start":{"line":137,"column":12},"end":{"line":137,"column":23}},"81":{"start":{"line":138,"column":15},"end":{"line":142,"column":null}},"82":{"start":{"line":139,"column":12},"end":{"line":139,"column":null}},"83":{"start":{"line":141,"column":12},"end":{"line":141,"column":21}},"84":{"start":{"line":146,"column":8},"end":{"line":150,"column":null}},"85":{"start":{"line":147,"column":12},"end":{"line":147,"column":23}},"86":{"start":{"line":149,"column":12},"end":{"line":149,"column":21}},"87":{"start":{"line":154,"column":8},"end":{"line":160,"column":null}},"88":{"start":{"line":155,"column":12},"end":{"line":155,"column":23}},"89":{"start":{"line":156,"column":15},"end":{"line":160,"column":null}},"90":{"start":{"line":157,"column":12},"end":{"line":157,"column":23}},"91":{"start":{"line":159,"column":12},"end":{"line":159,"column":21}},"92":{"start":{"line":164,"column":8},"end":{"line":174,"column":null}},"93":{"start":{"line":165,"column":12},"end":{"line":165,"column":21}},"94":{"start":{"line":167,"column":13},"end":{"line":174,"column":null}},"95":{"start":{"line":168,"column":12},"end":{"line":168,"column":23}},"96":{"start":{"line":170,"column":13},"end":{"line":174,"column":null}},"97":{"start":{"line":171,"column":12},"end":{"line":171,"column":23}},"98":{"start":{"line":173,"column":12},"end":{"line":173,"column":21}},"99":{"start":{"line":178,"column":8},"end":{"line":187,"column":null}},"100":{"start":{"line":179,"column":12},"end":{"line":179,"column":23}},"101":{"start":{"line":181,"column":13},"end":{"line":187,"column":null}},"102":{"start":{"line":182,"column":12},"end":{"line":182,"column":21}},"103":{"start":{"line":183,"column":15},"end":{"line":187,"column":null}},"104":{"start":{"line":184,"column":12},"end":{"line":184,"column":21}},"105":{"start":{"line":186,"column":12},"end":{"line":186,"column":23}},"106":{"start":{"line":191,"column":8},"end":{"line":191,"column":44}},"107":{"start":{"line":195,"column":8},"end":{"line":206,"column":null}},"108":{"start":{"line":196,"column":48},"end":{"line":196,"column":132}},"109":{"start":{"line":197,"column":12},"end":{"line":203,"column":null}},"110":{"start":{"line":198,"column":16},"end":{"line":198,"column":27}},"111":{"start":{"line":199,"column":19},"end":{"line":203,"column":null}},"112":{"start":{"line":200,"column":16},"end":{"line":200,"column":27}},"113":{"start":{"line":202,"column":16},"end":{"line":202,"column":25}},"114":{"start":{"line":205,"column":12},"end":{"line":205,"column":21}},"115":{"start":{"line":210,"column":8},"end":{"line":217,"column":null}},"116":{"start":{"line":211,"column":12},"end":{"line":211,"column":23}},"117":{"start":{"line":212,"column":15},"end":{"line":217,"column":null}},"118":{"start":{"line":214,"column":12},"end":{"line":214,"column":23}},"119":{"start":{"line":216,"column":12},"end":{"line":216,"column":21}},"120":{"start":{"line":6,"column":0},"end":{"line":6,"column":13}}},"fnMap":{"0":{"name":"(anonymous_7)","decl":{"start":{"line":8,"column":17},"end":{"line":8,"column":32}},"loc":{"start":{"line":8,"column":109},"end":{"line":76,"column":null}}},"1":{"name":"(anonymous_9)","decl":{"start":{"line":78,"column":11},"end":{"line":78,"column":25}},"loc":{"start":{"line":78,"column":25},"end":{"line":80,"column":5}}},"2":{"name":"(anonymous_10)","decl":{"start":{"line":82,"column":11},"end":{"line":82,"column":35}},"loc":{"start":{"line":82,"column":60},"end":{"line":92,"column":5}}},"3":{"name":"(anonymous_11)","decl":{"start":{"line":94,"column":11},"end":{"line":94,"column":35}},"loc":{"start":{"line":94,"column":60},"end":{"line":104,"column":5}}},"4":{"name":"(anonymous_12)","decl":{"start":{"line":106,"column":11},"end":{"line":106,"column":35}},"loc":{"start":{"line":106,"column":60},"end":{"line":116,"column":5}}},"5":{"name":"(anonymous_13)","decl":{"start":{"line":118,"column":11},"end":{"line":118,"column":35}},"loc":{"start":{"line":118,"column":58},"end":{"line":131,"column":5}}},"6":{"name":"(anonymous_14)","decl":{"start":{"line":133,"column":11},"end":{"line":133,"column":35}},"loc":{"start":{"line":133,"column":60},"end":{"line":143,"column":5}}},"7":{"name":"(anonymous_15)","decl":{"start":{"line":145,"column":11},"end":{"line":145,"column":35}},"loc":{"start":{"line":145,"column":60},"end":{"line":151,"column":5}}},"8":{"name":"(anonymous_16)","decl":{"start":{"line":153,"column":11},"end":{"line":153,"column":35}},"loc":{"start":{"line":153,"column":62},"end":{"line":161,"column":5}}},"9":{"name":"(anonymous_17)","decl":{"start":{"line":163,"column":11},"end":{"line":163,"column":35}},"loc":{"start":{"line":163,"column":88},"end":{"line":175,"column":5}}},"10":{"name":"(anonymous_18)","decl":{"start":{"line":177,"column":11},"end":{"line":177,"column":40}},"loc":{"start":{"line":177,"column":65},"end":{"line":188,"column":5}}},"11":{"name":"(anonymous_19)","decl":{"start":{"line":190,"column":11},"end":{"line":190,"column":35}},"loc":{"start":{"line":190,"column":62},"end":{"line":192,"column":5}}},"12":{"name":"(anonymous_20)","decl":{"start":{"line":194,"column":11},"end":{"line":194,"column":35}},"loc":{"start":{"line":194,"column":60},"end":{"line":207,"column":5}}},"13":{"name":"(anonymous_21)","decl":{"start":{"line":209,"column":11},"end":{"line":209,"column":35}},"loc":{"start":{"line":209,"column":60},"end":{"line":218,"column":5}}}},"branchMap":{"0":{"loc":{"start":{"line":11,"column":12},"end":{"line":13,"column":22}},"type":"switch","locations":[{"start":{"line":11,"column":12},"end":{"line":13,"column":22}},{"start":{"line":14,"column":12},"end":{"line":16,"column":22}},{"start":{"line":17,"column":12},"end":{"line":19,"column":22}},{"start":{"line":20,"column":12},"end":{"line":22,"column":22}},{"start":{"line":23,"column":12},"end":{"line":25,"column":22}},{"start":{"line":26,"column":12},"end":{"line":28,"column":22}},{"start":{"line":29,"column":12},"end":{"line":31,"column":22}},{"start":{"line":32,"column":12},"end":{"line":34,"column":22}},{"start":{"line":35,"column":12},"end":{"line":37,"column":22}},{"start":{"line":38,"column":12},"end":{"line":40,"column":22}},{"start":{"line":41,"column":12},"end":{"line":43,"column":22}},{"start":{"line":44,"column":12},"end":{"line":46,"column":22}},{"start":{"line":47,"column":12},"end":{"line":49,"column":22}},{"start":{"line":50,"column":12},"end":{"line":52,"column":22}},{"start":{"line":53,"column":12},"end":{"line":55,"column":22}},{"start":{"line":56,"column":12},"end":{"line":58,"column":22}},{"start":{"line":59,"column":12},"end":{"line":61,"column":22}},{"start":{"line":62,"column":12},"end":{"line":64,"column":22}},{"start":{"line":65,"column":12},"end":{"line":67,"column":22}},{"start":{"line":68,"column":12},"end":{"line":70,"column":22}},{"start":{"line":71,"column":12},"end":{"line":73,"column":22}}]},"1":{"loc":{"start":{"line":83,"column":8},"end":{"line":91,"column":null}},"type":"if","locations":[{"start":{"line":83,"column":8},"end":{"line":91,"column":null}},{"start":{"line":83,"column":8},"end":{"line":91,"column":null}}]},"2":{"loc":{"start":{"line":85,"column":15},"end":{"line":91,"column":null}},"type":"if","locations":[{"start":{"line":85,"column":15},"end":{"line":91,"column":null}},{"start":{"line":85,"column":15},"end":{"line":91,"column":null}}]},"3":{"loc":{"start":{"line":87,"column":15},"end":{"line":91,"column":null}},"type":"if","locations":[{"start":{"line":87,"column":15},"end":{"line":91,"column":null}},{"start":{"line":87,"column":15},"end":{"line":91,"column":null}}]},"4":{"loc":{"start":{"line":95,"column":8},"end":{"line":103,"column":null}},"type":"if","locations":[{"start":{"line":95,"column":8},"end":{"line":103,"column":null}},{"start":{"line":95,"column":8},"end":{"line":103,"column":null}}]},"5":{"loc":{"start":{"line":97,"column":15},"end":{"line":103,"column":null}},"type":"if","locations":[{"start":{"line":97,"column":15},"end":{"line":103,"column":null}},{"start":{"line":97,"column":15},"end":{"line":103,"column":null}}]},"6":{"loc":{"start":{"line":99,"column":15},"end":{"line":103,"column":null}},"type":"if","locations":[{"start":{"line":99,"column":15},"end":{"line":103,"column":null}},{"start":{"line":99,"column":15},"end":{"line":103,"column":null}}]},"7":{"loc":{"start":{"line":107,"column":8},"end":{"line":115,"column":null}},"type":"if","locations":[{"start":{"line":107,"column":8},"end":{"line":115,"column":null}},{"start":{"line":107,"column":8},"end":{"line":115,"column":null}}]},"8":{"loc":{"start":{"line":109,"column":15},"end":{"line":115,"column":null}},"type":"if","locations":[{"start":{"line":109,"column":15},"end":{"line":115,"column":null}},{"start":{"line":109,"column":15},"end":{"line":115,"column":null}}]},"9":{"loc":{"start":{"line":111,"column":15},"end":{"line":115,"column":null}},"type":"if","locations":[{"start":{"line":111,"column":15},"end":{"line":115,"column":null}},{"start":{"line":111,"column":15},"end":{"line":115,"column":null}}]},"10":{"loc":{"start":{"line":119,"column":8},"end":{"line":129,"column":null}},"type":"if","locations":[{"start":{"line":119,"column":8},"end":{"line":129,"column":null}},{"start":{"line":119,"column":8},"end":{"line":129,"column":null}}]},"11":{"loc":{"start":{"line":121,"column":15},"end":{"line":129,"column":null}},"type":"if","locations":[{"start":{"line":121,"column":15},"end":{"line":129,"column":null}},{"start":{"line":121,"column":15},"end":{"line":129,"column":null}}]},"12":{"loc":{"start":{"line":123,"column":15},"end":{"line":129,"column":null}},"type":"if","locations":[{"start":{"line":123,"column":15},"end":{"line":129,"column":null}},{"start":{"line":123,"column":15},"end":{"line":129,"column":null}}]},"13":{"loc":{"start":{"line":125,"column":15},"end":{"line":129,"column":null}},"type":"if","locations":[{"start":{"line":125,"column":15},"end":{"line":129,"column":null}},{"start":{"line":125,"column":15},"end":{"line":129,"column":null}}]},"14":{"loc":{"start":{"line":134,"column":8},"end":{"line":142,"column":null}},"type":"if","locations":[{"start":{"line":134,"column":8},"end":{"line":142,"column":null}},{"start":{"line":134,"column":8},"end":{"line":142,"column":null}}]},"15":{"loc":{"start":{"line":136,"column":15},"end":{"line":142,"column":null}},"type":"if","locations":[{"start":{"line":136,"column":15},"end":{"line":142,"column":null}},{"start":{"line":136,"column":15},"end":{"line":142,"column":null}}]},"16":{"loc":{"start":{"line":138,"column":15},"end":{"line":142,"column":null}},"type":"if","locations":[{"start":{"line":138,"column":15},"end":{"line":142,"column":null}},{"start":{"line":138,"column":15},"end":{"line":142,"column":null}}]},"17":{"loc":{"start":{"line":146,"column":8},"end":{"line":150,"column":null}},"type":"if","locations":[{"start":{"line":146,"column":8},"end":{"line":150,"column":null}},{"start":{"line":146,"column":8},"end":{"line":150,"column":null}}]},"18":{"loc":{"start":{"line":154,"column":8},"end":{"line":160,"column":null}},"type":"if","locations":[{"start":{"line":154,"column":8},"end":{"line":160,"column":null}},{"start":{"line":154,"column":8},"end":{"line":160,"column":null}}]},"19":{"loc":{"start":{"line":154,"column":12},"end":{"line":154,"column":62}},"type":"binary-expr","locations":[{"start":{"line":154,"column":12},"end":{"line":154,"column":62}},{"start":{"line":154,"column":66},"end":{"line":154,"column":90}}]},"20":{"loc":{"start":{"line":156,"column":15},"end":{"line":160,"column":null}},"type":"if","locations":[{"start":{"line":156,"column":15},"end":{"line":160,"column":null}},{"start":{"line":156,"column":15},"end":{"line":160,"column":null}}]},"21":{"loc":{"start":{"line":164,"column":8},"end":{"line":174,"column":null}},"type":"if","locations":[{"start":{"line":164,"column":8},"end":{"line":174,"column":null}},{"start":{"line":164,"column":8},"end":{"line":174,"column":null}}]},"22":{"loc":{"start":{"line":167,"column":13},"end":{"line":174,"column":null}},"type":"if","locations":[{"start":{"line":167,"column":13},"end":{"line":174,"column":null}},{"start":{"line":167,"column":13},"end":{"line":174,"column":null}}]},"23":{"loc":{"start":{"line":170,"column":13},"end":{"line":174,"column":null}},"type":"if","locations":[{"start":{"line":170,"column":13},"end":{"line":174,"column":null}},{"start":{"line":170,"column":13},"end":{"line":174,"column":null}}]},"24":{"loc":{"start":{"line":178,"column":8},"end":{"line":187,"column":null}},"type":"if","locations":[{"start":{"line":178,"column":8},"end":{"line":187,"column":null}},{"start":{"line":178,"column":8},"end":{"line":187,"column":null}}]},"25":{"loc":{"start":{"line":181,"column":13},"end":{"line":187,"column":null}},"type":"if","locations":[{"start":{"line":181,"column":13},"end":{"line":187,"column":null}},{"start":{"line":181,"column":13},"end":{"line":187,"column":null}}]},"26":{"loc":{"start":{"line":183,"column":15},"end":{"line":187,"column":null}},"type":"if","locations":[{"start":{"line":183,"column":15},"end":{"line":187,"column":null}},{"start":{"line":183,"column":15},"end":{"line":187,"column":null}}]},"27":{"loc":{"start":{"line":191,"column":36},"end":{"line":191,"column":39}},"type":"cond-expr","locations":[{"start":{"line":191,"column":36},"end":{"line":191,"column":39}},{"start":{"line":191,"column":42},"end":{"line":191,"column":43}}]},"28":{"loc":{"start":{"line":195,"column":8},"end":{"line":206,"column":null}},"type":"if","locations":[{"start":{"line":195,"column":8},"end":{"line":206,"column":null}},{"start":{"line":195,"column":8},"end":{"line":206,"column":null}}]},"29":{"loc":{"start":{"line":197,"column":12},"end":{"line":203,"column":null}},"type":"if","locations":[{"start":{"line":197,"column":12},"end":{"line":203,"column":null}},{"start":{"line":197,"column":12},"end":{"line":203,"column":null}}]},"30":{"loc":{"start":{"line":199,"column":19},"end":{"line":203,"column":null}},"type":"if","locations":[{"start":{"line":199,"column":19},"end":{"line":203,"column":null}},{"start":{"line":199,"column":19},"end":{"line":203,"column":null}}]},"31":{"loc":{"start":{"line":210,"column":8},"end":{"line":217,"column":null}},"type":"if","locations":[{"start":{"line":210,"column":8},"end":{"line":217,"column":null}},{"start":{"line":210,"column":8},"end":{"line":217,"column":null}}]},"32":{"loc":{"start":{"line":212,"column":15},"end":{"line":217,"column":null}},"type":"if","locations":[{"start":{"line":212,"column":15},"end":{"line":217,"column":null}},{"start":{"line":212,"column":15},"end":{"line":217,"column":null}}]},"33":{"loc":{"start":{"line":212,"column":19},"end":{"line":212,"column":85}},"type":"binary-expr","locations":[{"start":{"line":212,"column":19},"end":{"line":212,"column":85}},{"start":{"line":213,"column":12},"end":{"line":213,"column":78}}]}},"s":{"0":5,"1":316,"2":316,"3":13,"4":13,"5":13,"6":13,"7":17,"8":17,"9":17,"10":17,"11":17,"12":17,"13":18,"14":18,"15":17,"16":17,"17":17,"18":17,"19":14,"20":14,"21":14,"22":14,"23":17,"24":17,"25":17,"26":17,"27":14,"28":14,"29":14,"30":14,"31":17,"32":17,"33":15,"34":15,"35":14,"36":14,"37":17,"38":17,"39":17,"40":17,"41":17,"42":17,"43":0,"44":0,"45":316,"46":96,"47":17,"48":7,"49":10,"50":1,"51":9,"52":1,"53":8,"54":17,"55":8,"56":9,"57":2,"58":7,"59":6,"60":1,"61":17,"62":5,"63":12,"64":6,"65":6,"66":2,"67":4,"68":18,"69":5,"70":13,"71":10,"72":3,"73":1,"74":2,"75":1,"76":1,"77":17,"78":5,"79":12,"80":1,"81":11,"82":7,"83":4,"84":17,"85":13,"86":4,"87":17,"88":14,"89":3,"90":2,"91":1,"92":17,"93":1,"94":16,"95":13,"96":3,"97":1,"98":2,"99":34,"100":20,"101":14,"102":2,"103":12,"104":10,"105":2,"106":15,"107":17,"108":3,"109":3,"110":1,"111":2,"112":1,"113":1,"114":14,"115":17,"116":1,"117":16,"118":15,"119":1,"120":5},"f":{"0":316,"1":96,"2":17,"3":17,"4":17,"5":18,"6":17,"7":17,"8":17,"9":17,"10":34,"11":15,"12":17,"13":17},"b":{"0":[13,13,17,17,17,18,17,17,14,14,17,17,14,14,17,15,14,17,17,17,0],"1":[7,10],"2":[1,9],"3":[1,8],"4":[8,9],"5":[2,7],"6":[6,1],"7":[5,12],"8":[6,6],"9":[2,4],"10":[5,13],"11":[10,3],"12":[1,2],"13":[1,1],"14":[5,12],"15":[1,11],"16":[7,4],"17":[13,4],"18":[14,3],"19":[17,15],"20":[2,1],"21":[1,16],"22":[13,3],"23":[1,2],"24":[20,14],"25":[2,12],"26":[10,2],"27":[1,14],"28":[3,14],"29":[1,2],"30":[1,1],"31":[1,16],"32":[15,1],"33":[16,3]}}
,"/home/rudolphm/balance-sheet-calculator/src/controllers/balance.sheet.controller.ts": {"path":"/home/rudolphm/balance-sheet-calculator/src/controllers/balance.sheet.controller.ts","statementMap":{"0":{"start":{"line":7,"column":22},"end":{"line":7,"column":38}},"1":{"start":{"line":7,"column":47},"end":{"line":7,"column":87}},"2":{"start":{"line":8,"column":4},"end":{"line":8,"column":18}},"3":{"start":{"line":12,"column":4},"end":{"line":12,"column":115}},"4":{"start":{"line":13,"column":4},"end":{"line":14,"column":33}},"5":{"start":{"line":15,"column":4},"end":{"line":15,"column":115}},"6":{"start":{"line":16,"column":4},"end":{"line":16,"column":120}},"7":{"start":{"line":5,"column":0},"end":{"line":5,"column":13}}},"fnMap":{"0":{"name":"(anonymous_0)","decl":{"start":{"line":7,"column":2},"end":{"line":7,"column":22}},"loc":{"start":{"line":7,"column":87},"end":{"line":9,"column":3}}},"1":{"name":"(anonymous_1)","decl":{"start":{"line":11,"column":9},"end":{"line":11,"column":15}},"loc":{"start":{"line":11,"column":15},"end":{"line":17,"column":3}}}},"branchMap":{},"s":{"0":3,"1":3,"2":3,"3":3,"4":3,"5":3,"6":3,"7":3},"f":{"0":3,"1":3},"b":{}}
,"/home/rudolphm/balance-sheet-calculator/src/controllers/health.check.controller.ts": {"path":"/home/rudolphm/balance-sheet-calculator/src/controllers/health.check.controller.ts","statementMap":{"0":{"start":{"line":7,"column":22},"end":{"line":7,"column":38}},"1":{"start":{"line":7,"column":47},"end":{"line":7,"column":85}},"2":{"start":{"line":8,"column":4},"end":{"line":8,"column":18}},"3":{"start":{"line":12,"column":4},"end":{"line":12,"column":70}},"4":{"start":{"line":5,"column":0},"end":{"line":5,"column":13}}},"fnMap":{"0":{"name":"(anonymous_0)","decl":{"start":{"line":7,"column":2},"end":{"line":7,"column":22}},"loc":{"start":{"line":7,"column":85},"end":{"line":9,"column":3}}},"1":{"name":"(anonymous_1)","decl":{"start":{"line":11,"column":9},"end":{"line":11,"column":15}},"loc":{"start":{"line":11,"column":15},"end":{"line":13,"column":3}}}},"branchMap":{},"s":{"0":3,"1":3,"2":3,"3":3,"4":3},"f":{"0":3,"1":3},"b":{}}
,"/home/rudolphm/balance-sheet-calculator/src/dto/validation.constants.ts": {"path":"/home/rudolphm/balance-sheet-calculator/src/dto/validation.constants.ts","statementMap":{"0":{"start":{"line":1,"column":13},"end":{"line":1,"column":49}}},"fnMap":{},"branchMap":{},"s":{"0":3},"f":{},"b":{}}
,"/home/rudolphm/balance-sheet-calculator/src/dto/create/balance.sheet.create.dto.ts": {"path":"/home/rudolphm/balance-sheet-calculator/src/dto/create/balance.sheet.create.dto.ts","statementMap":{"0":{"start":{"line":1,"column":0},"end":{"line":1,"column":59}},"1":{"start":{"line":2,"column":0},"end":{"line":2,"column":67}},"2":{"start":{"line":3,"column":0},"end":{"line":3,"column":63}},"3":{"start":{"line":4,"column":0},"end":{"line":4,"column":59}},"4":{"start":{"line":5,"column":0},"end":{"line":5,"column":132}},"5":{"start":{"line":6,"column":0},"end":{"line":6,"column":47}},"6":{"start":{"line":12,"column":20},"end":{"line":12,"column":42}},"7":{"start":{"line":13,"column":20},"end":{"line":13,"column":48}},"8":{"start":{"line":16,"column":4},"end":{"line":16,"column":37}},"9":{"start":{"line":30,"column":19},"end":{"line":30,"column":83}},"10":{"start":{"line":31,"column":4},"end":{"line":32,"column":14}},"11":{"start":{"line":19,"column":25},"end":{"line":27,"column":4}},"12":{"start":{"line":21,"column":6},"end":{"line":25,"column":8}},"13":{"start":{"line":10,"column":2},"end":{"line":10,"column":null}},"14":{"start":{"line":8,"column":0},"end":{"line":8,"column":13}}},"fnMap":{"0":{"name":"(anonymous_9)","decl":{"start":{"line":11,"column":2},"end":{"line":11,"column":null}},"loc":{"start":{"line":14,"column":39},"end":{"line":17,"column":3}}},"1":{"name":"(anonymous_10)","decl":{"start":{"line":29,"column":15},"end":{"line":29,"column":29}},"loc":{"start":{"line":29,"column":29},"end":{"line":33,"column":null}}},"2":{"name":"(anonymous_12)","decl":{"start":{"line":20,"column":4},"end":{"line":20,"column":12}},"loc":{"start":{"line":20,"column":15},"end":{"line":26,"column":5}}}},"branchMap":{},"s":{"0":3,"1":3,"2":3,"3":3,"4":3,"5":3,"6":10,"7":10,"8":10,"9":10,"10":10,"11":3,"12":12,"13":3,"14":3},"f":{"0":10,"1":10,"2":12},"b":{}}
,"/home/rudolphm/balance-sheet-calculator/src/dto/create/company.facts.create.dto.ts": {"path":"/home/rudolphm/balance-sheet-calculator/src/dto/create/company.facts.create.dto.ts","statementMap":{"0":{"start":{"line":1,"column":0},"end":{"line":1,"column":99}},"1":{"start":{"line":2,"column":0},"end":{"line":2,"column":71}},"2":{"start":{"line":3,"column":0},"end":{"line":3,"column":77}},"3":{"start":{"line":4,"column":0},"end":{"line":4,"column":59}},"4":{"start":{"line":5,"column":0},"end":{"line":5,"column":73}},"5":{"start":{"line":6,"column":0},"end":{"line":6,"column":75}},"6":{"start":{"line":74,"column":4},"end":{"line":74,"column":65}},"7":{"start":{"line":75,"column":4},"end":{"line":75,"column":43}},"8":{"start":{"line":76,"column":4},"end":{"line":76,"column":25}},"9":{"start":{"line":77,"column":4},"end":{"line":77,"column":41}},"10":{"start":{"line":78,"column":4},"end":{"line":78,"column":73}},"11":{"start":{"line":79,"column":4},"end":{"line":79,"column":57}},"12":{"start":{"line":80,"column":4},"end":{"line":80,"column":29}},"13":{"start":{"line":81,"column":4},"end":{"line":81,"column":35}},"14":{"start":{"line":82,"column":4},"end":{"line":82,"column":43}},"15":{"start":{"line":83,"column":4},"end":{"line":83,"column":49}},"16":{"start":{"line":84,"column":4},"end":{"line":84,"column":43}},"17":{"start":{"line":85,"column":4},"end":{"line":85,"column":71}},"18":{"start":{"line":86,"column":4},"end":{"line":86,"column":33}},"19":{"start":{"line":87,"column":4},"end":{"line":87,"column":47}},"20":{"start":{"line":88,"column":4},"end":{"line":88,"column":33}},"21":{"start":{"line":89,"column":4},"end":{"line":89,"column":77}},"22":{"start":{"line":90,"column":4},"end":{"line":90,"column":23}},"23":{"start":{"line":117,"column":4},"end":{"line":122,"column":122}},"24":{"start":{"line":121,"column":37},"end":{"line":121,"column":58}},"25":{"start":{"line":122,"column":40},"end":{"line":122,"column":64}},"26":{"start":{"line":122,"column":98},"end":{"line":122,"column":119}},"27":{"start":{"line":93,"column":25},"end":{"line":114,"column":4}},"28":{"start":{"line":95,"column":6},"end":{"line":112,"column":null}},"29":{"start":{"line":11,"column":2},"end":{"line":11,"column":null}},"30":{"start":{"line":14,"column":2},"end":{"line":14,"column":null}},"31":{"start":{"line":16,"column":2},"end":{"line":16,"column":null}},"32":{"start":{"line":19,"column":2},"end":{"line":19,"column":null}},"33":{"start":{"line":22,"column":2},"end":{"line":22,"column":null}},"34":{"start":{"line":25,"column":2},"end":{"line":25,"column":null}},"35":{"start":{"line":28,"column":2},"end":{"line":28,"column":null}},"36":{"start":{"line":31,"column":2},"end":{"line":31,"column":null}},"37":{"start":{"line":34,"column":2},"end":{"line":34,"column":null}},"38":{"start":{"line":37,"column":2},"end":{"line":37,"column":null}},"39":{"start":{"line":40,"column":2},"end":{"line":40,"column":null}},"40":{"start":{"line":42,"column":2},"end":{"line":42,"column":null}},"41":{"start":{"line":45,"column":2},"end":{"line":45,"column":null}},"42":{"start":{"line":47,"column":2},"end":{"line":47,"column":null}},"43":{"start":{"line":49,"column":2},"end":{"line":49,"column":null}},"44":{"start":{"line":51,"column":2},"end":{"line":51,"column":null}},"45":{"start":{"line":53,"column":2},"end":{"line":53,"column":null}},"46":{"start":{"line":8,"column":0},"end":{"line":8,"column":13}}},"fnMap":{"0":{"name":"(anonymous_2)","decl":{"start":{"line":55,"column":2},"end":{"line":55,"column":null}},"loc":{"start":{"line":72,"column":52},"end":{"line":91,"column":3}}},"1":{"name":"(anonymous_3)","decl":{"start":{"line":116,"column":9},"end":{"line":116,"column":23}},"loc":{"start":{"line":116,"column":23},"end":{"line":123,"column":3}}},"2":{"name":"(anonymous_4)","decl":{"start":{"line":121,"column":31},"end":{"line":121,"column":33}},"loc":{"start":{"line":121,"column":37},"end":{"line":121,"column":58}}},"3":{"name":"(anonymous_5)","decl":{"start":{"line":122,"column":34},"end":{"line":122,"column":36}},"loc":{"start":{"line":122,"column":40},"end":{"line":122,"column":64}}},"4":{"name":"(anonymous_6)","decl":{"start":{"line":122,"column":92},"end":{"line":122,"column":94}},"loc":{"start":{"line":122,"column":98},"end":{"line":122,"column":119}}},"5":{"name":"(anonymous_7)","decl":{"start":{"line":94,"column":4},"end":{"line":94,"column":12}},"loc":{"start":{"line":95,"column":6},"end":{"line":112,"column":null}}}},"branchMap":{},"s":{"0":4,"1":4,"2":4,"3":4,"4":4,"5":4,"6":11,"7":11,"8":11,"9":11,"10":11,"11":11,"12":11,"13":11,"14":11,"15":11,"16":11,"17":11,"18":11,"19":11,"20":11,"21":11,"22":11,"23":11,"24":6,"25":6,"26":4,"27":4,"28":13,"29":4,"30":4,"31":4,"32":4,"33":4,"34":4,"35":4,"36":4,"37":4,"38":4,"39":4,"40":4,"41":4,"42":4,"43":4,"44":4,"45":4,"46":4},"f":{"0":11,"1":11,"2":6,"3":6,"4":4,"5":13},"b":{}}
[...]
,"/home/rudolphm/balance-sheet-calculator/src/services/balance.sheet.service.ts": {"path":"/home/rudolphm/balance-sheet-calculator/src/services/balance.sheet.service.ts","statementMap":{"0":{"start":{"line":2,"column":0},"end":{"line":2,"column":79}},"1":{"start":{"line":3,"column":0},"end":{"line":3,"column":56}},"2":{"start":{"line":4,"column":0},"end":{"line":4,"column":78}},"3":{"start":{"line":6,"column":0},"end":{"line":6,"column":79}},"4":{"start":{"line":7,"column":0},"end":{"line":7,"column":61}},"5":{"start":{"line":8,"column":0},"end":{"line":8,"column":60}},"6":{"start":{"line":9,"column":0},"end":{"line":9,"column":66}},"7":{"start":{"line":10,"column":0},"end":{"line":10,"column":73}},"8":{"start":{"line":11,"column":0},"end":{"line":11,"column":57}},"9":{"start":{"line":12,"column":0},"end":{"line":12,"column":70}},"10":{"start":{"line":13,"column":0},"end":{"line":13,"column":44}},"11":{"start":{"line":14,"column":0},"end":{"line":14,"column":68}},"12":{"start":{"line":15,"column":0},"end":{"line":15,"column":67}},"13":{"start":{"line":16,"column":0},"end":{"line":16,"column":46}},"14":{"start":{"line":17,"column":0},"end":{"line":17,"column":59}},"15":{"start":{"line":18,"column":0},"end":{"line":18,"column":60}},"16":{"start":{"line":19,"column":0},"end":{"line":19,"column":64}},"17":{"start":{"line":21,"column":0},"end":{"line":21,"column":51}},"18":{"start":{"line":31,"column":22},"end":{"line":31,"column":44}},"19":{"start":{"line":35,"column":4},"end":{"line":35,"column":86}},"20":{"start":{"line":39,"column":4},"end":{"line":47,"column":7}},"21":{"start":{"line":39,"column":62},"end":{"line":45,"column":6}},"22":{"start":{"line":40,"column":59},"end":{"line":40,"column":99}},"23":{"start":{"line":41,"column":6},"end":{"line":41,"column":55}},"24":{"start":{"line":42,"column":41},"end":{"line":42,"column":85}},"25":{"start":{"line":43,"column":49},"end":{"line":43,"column":105}},"26":{"start":{"line":44,"column":6},"end":{"line":44,"column":37}},"27":{"start":{"line":46,"column":6},"end":{"line":46,"column":36}},"28":{"start":{"line":51,"column":4},"end":{"line":69,"column":7}},"29":{"start":{"line":51,"column":62},"end":{"line":67,"column":6}},"30":{"start":{"line":52,"column":37},"end":{"line":52,"column":78}},"31":{"start":{"line":53,"column":34},"end":{"line":54,"column":100}},"32":{"start":{"line":55,"column":37},"end":{"line":55,"column":58}},"33":{"start":{"line":56,"column":27},"end":{"line":58,"column":8}},"34":{"start":{"line":59,"column":59},"end":{"line":59,"column":99}},"35":{"start":{"line":60,"column":6},"end":{"line":62,"column":null}},"36":{"start":{"line":61,"column":8},"end":{"line":61,"column":111}},"37":{"start":{"line":63,"column":6},"end":{"line":63,"column":55}},"38":{"start":{"line":64,"column":6},"end":{"line":64,"column":87}},"39":{"start":{"line":65,"column":49},"end":{"line":65,"column":105}},"40":{"start":{"line":66,"column":6},"end":{"line":66,"column":37}},"41":{"start":{"line":68,"column":6},"end":{"line":68,"column":36}},"42":{"start":{"line":73,"column":4},"end":{"line":83,"column":7}},"43":{"start":{"line":73,"column":62},"end":{"line":81,"column":6}},"44":{"start":{"line":74,"column":37},"end":{"line":74,"column":78}},"45":{"start":{"line":75,"column":37},"end":{"line":75,"column":58}},"46":{"start":{"line":76,"column":27},"end":{"line":78,"column":8}},"47":{"start":{"line":79,"column":6},"end":{"line":79,"column":50}},"48":{"start":{"line":80,"column":6},"end":{"line":80,"column":29}},"49":{"start":{"line":82,"column":6},"end":{"line":82,"column":36}},"50":{"start":{"line":88,"column":4},"end":{"line":98,"column":7}},"51":{"start":{"line":88,"column":62},"end":{"line":96,"column":6}},"52":{"start":{"line":89,"column":37},"end":{"line":89,"column":78}},"53":{"start":{"line":90,"column":37},"end":{"line":90,"column":58}},"54":{"start":{"line":91,"column":27},"end":{"line":93,"column":8}},"55":{"start":{"line":94,"column":6},"end":{"line":94,"column":50}},"56":{"start":{"line":95,"column":6},"end":{"line":95,"column":58}},"57":{"start":{"line":97,"column":6},"end":{"line":97,"column":36}},"58":{"start":{"line":102,"column":4},"end":{"line":104,"column":null}},"59":{"start":{"line":103,"column":6},"end":{"line":103,"column":51}},"60":{"start":{"line":105,"column":4},"end":{"line":107,"column":null}},"61":{"start":{"line":105,"column":52},"end":{"line":105,"column":83}},"62":{"start":{"line":106,"column":6},"end":{"line":106,"column":54}},"63":{"start":{"line":108,"column":4},"end":{"line":108,"column":53}},"64":{"start":{"line":112,"column":4},"end":{"line":114,"column":7}},"65":{"start":{"line":118,"column":31},"end":{"line":118,"column":68}},"66":{"start":{"line":119,"column":27},"end":{"line":120,"column":42}},"67":{"start":{"line":121,"column":29},"end":{"line":122,"column":25}},"68":{"start":{"line":123,"column":37},"end":{"line":124,"column":32}},"69":{"start":{"line":125,"column":39},"end":{"line":125,"column":57}},"70":{"start":{"line":126,"column":4},"end":{"line":126,"column":98}},"71":{"start":{"line":127,"column":47},"end":{"line":127,"column":113}},"72":{"start":{"line":128,"column":4},"end":{"line":128,"column":56}},"73":{"start":{"line":129,"column":4},"end":{"line":129,"column":32}},"74":{"start":{"line":133,"column":4},"end":{"line":133,"column":90}},"75":{"start":{"line":133,"column":48},"end":{"line":133,"column":88}},"76":{"start":{"line":134,"column":4},"end":{"line":136,"column":6}},"77":{"start":{"line":135,"column":6},"end":{"line":135,"column":74}},"78":{"start":{"line":135,"column":33},"end":{"line":135,"column":73}},"79":{"start":{"line":25,"column":0},"end":{"line":25,"column":13}},"80":{"start":{"line":26,"column":26},"end":{"line":28,"column":78}},"81":{"start":{"line":29,"column":26},"end":{"line":29,"column":97}}},"fnMap":{"0":{"name":"(anonymous_8)","decl":{"start":{"line":31,"column":2},"end":{"line":31,"column":22}},"loc":{"start":{"line":31,"column":44},"end":{"line":32,"column":3}}},"1":{"name":"(anonymous_9)","decl":{"start":{"line":34,"column":9},"end":{"line":34,"column":23}},"loc":{"start":{"line":34,"column":51},"end":{"line":36,"column":3}}},"2":{"name":"(anonymous_10)","decl":{"start":{"line":38,"column":15},"end":{"line":38,"column":33}},"loc":{"start":{"line":38,"column":81},"end":{"line":48,"column":null}}},"3":{"name":"(anonymous_12)","decl":{"start":{"line":39,"column":40},"end":{"line":39,"column":46}},"loc":{"start":{"line":39,"column":62},"end":{"line":45,"column":6}}},"4":{"name":"(anonymous_13)","decl":{"start":{"line":39,"column":62},"end":{"line":39,"column":null}},"loc":{"start":{"line":39,"column":62},"end":{"line":45,"column":5}}},"5":{"name":"(anonymous_14)","decl":{"start":{"line":45,"column":13},"end":{"line":45,"column":18}},"loc":{"start":{"line":45,"column":21},"end":{"line":47,"column":5}}},"6":{"name":"(anonymous_15)","decl":{"start":{"line":50,"column":15},"end":{"line":50,"column":33}},"loc":{"start":{"line":50,"column":81},"end":{"line":70,"column":null}}},"7":{"name":"(anonymous_17)","decl":{"start":{"line":51,"column":40},"end":{"line":51,"column":46}},"loc":{"start":{"line":51,"column":62},"end":{"line":67,"column":6}}},"8":{"name":"(anonymous_18)","decl":{"start":{"line":51,"column":62},"end":{"line":51,"column":null}},"loc":{"start":{"line":51,"column":62},"end":{"line":67,"column":5}}},"9":{"name":"(anonymous_19)","decl":{"start":{"line":67,"column":13},"end":{"line":67,"column":18}},"loc":{"start":{"line":67,"column":21},"end":{"line":69,"column":5}}},"10":{"name":"(anonymous_20)","decl":{"start":{"line":72,"column":15},"end":{"line":72,"column":30}},"loc":{"start":{"line":72,"column":78},"end":{"line":84,"column":null}}},"11":{"name":"(anonymous_22)","decl":{"start":{"line":73,"column":40},"end":{"line":73,"column":46}},"loc":{"start":{"line":73,"column":62},"end":{"line":81,"column":6}}},"12":{"name":"(anonymous_23)","decl":{"start":{"line":73,"column":62},"end":{"line":73,"column":null}},"loc":{"start":{"line":73,"column":62},"end":{"line":81,"column":5}}},"13":{"name":"(anonymous_24)","decl":{"start":{"line":81,"column":13},"end":{"line":81,"column":18}},"loc":{"start":{"line":81,"column":21},"end":{"line":83,"column":5}}},"14":{"name":"(anonymous_25)","decl":{"start":{"line":87,"column":9},"end":{"line":87,"column":46}},"loc":{"start":{"line":87,"column":94},"end":{"line":99,"column":3}}},"15":{"name":"(anonymous_26)","decl":{"start":{"line":88,"column":40},"end":{"line":88,"column":46}},"loc":{"start":{"line":88,"column":62},"end":{"line":96,"column":6}}},"16":{"name":"(anonymous_27)","decl":{"start":{"line":88,"column":62},"end":{"line":88,"column":null}},"loc":{"start":{"line":88,"column":62},"end":{"line":96,"column":5}}},"17":{"name":"(anonymous_28)","decl":{"start":{"line":96,"column":13},"end":{"line":96,"column":18}},"loc":{"start":{"line":96,"column":21},"end":{"line":98,"column":5}}},"18":{"name":"(anonymous_29)","decl":{"start":{"line":101,"column":10},"end":{"line":101,"column":21}},"loc":{"start":{"line":101,"column":54},"end":{"line":109,"column":3}}},"19":{"name":"(anonymous_30)","decl":{"start":{"line":105,"column":44},"end":{"line":105,"column":48}},"loc":{"start":{"line":105,"column":52},"end":{"line":105,"column":83}}},"20":{"name":"(anonymous_31)","decl":{"start":{"line":111,"column":16},"end":{"line":111,"column":30}},"loc":{"start":{"line":111,"column":90},"end":{"line":115,"column":null}}},"21":{"name":"(anonymous_33)","decl":{"start":{"line":117,"column":16},"end":{"line":117,"column":32}},"loc":{"start":{"line":117,"column":89},"end":{"line":130,"column":null}}},"22":{"name":"(anonymous_35)","decl":{"start":{"line":132,"column":10},"end":{"line":132,"column":34}},"loc":{"start":{"line":132,"column":61},"end":{"line":137,"column":3}}},"23":{"name":"(anonymous_36)","decl":{"start":{"line":133,"column":36},"end":{"line":133,"column":37}},"loc":{"start":{"line":133,"column":48},"end":{"line":133,"column":88}}},"24":{"name":"(anonymous_37)","decl":{"start":{"line":134,"column":39},"end":{"line":134,"column":40}},"loc":{"start":{"line":135,"column":6},"end":{"line":135,"column":74}}},"25":{"name":"(anonymous_38)","decl":{"start":{"line":135,"column":21},"end":{"line":135,"column":22}},"loc":{"start":{"line":135,"column":33},"end":{"line":135,"column":73}}}},"branchMap":{"0":{"loc":{"start":{"line":60,"column":6},"end":{"line":62,"column":null}},"type":"if","locations":[{"start":{"line":60,"column":6},"end":{"line":62,"column":null}},{"start":{"line":60,"column":6},"end":{"line":62,"column":null}}]},"1":{"loc":{"start":{"line":102,"column":4},"end":{"line":104,"column":null}},"type":"if","locations":[{"start":{"line":102,"column":4},"end":{"line":104,"column":null}},{"start":{"line":102,"column":4},"end":{"line":104,"column":null}}]},"2":{"loc":{"start":{"line":105,"column":4},"end":{"line":107,"column":null}},"type":"if","locations":[{"start":{"line":105,"column":4},"end":{"line":107,"column":null}},{"start":{"line":105,"column":4},"end":{"line":107,"column":null}}]},"3":{"loc":{"start":{"line":105,"column":8},"end":{"line":105,"column":28}},"type":"binary-expr","locations":[{"start":{"line":105,"column":8},"end":{"line":105,"column":28}},{"start":{"line":105,"column":32},"end":{"line":105,"column":84}}]}},"s":{"0":3,"1":3,"2":3,"3":3,"4":3,"5":3,"6":3,"7":3,"8":3,"9":3,"10":3,"11":3,"12":3,"13":3,"14":3,"15":3,"16":3,"17":3,"18":3,"19":0,"20":12,"21":12,"22":12,"23":10,"24":10,"25":10,"26":10,"27":2,"28":3,"29":3,"30":3,"31":3,"32":3,"33":3,"34":3,"35":3,"36":0,"37":3,"38":3,"39":3,"40":3,"41":0,"42":1,"43":1,"44":1,"45":1,"46":1,"47":1,"48":1,"49":0,"50":1,"51":1,"52":1,"53":1,"54":1,"55":1,"56":1,"57":0,"58":2,"59":2,"60":2,"61":0,"62":0,"63":2,"64":13,"65":13,"66":13,"67":13,"68":13,"69":13,"70":13,"71":13,"72":13,"73":13,"74":15,"75":329,"76":15,"77":300,"78":519,"79":3,"80":3,"81":3},"f":{"0":3,"1":0,"2":12,"3":12,"4":12,"5":2,"6":3,"7":3,"8":3,"9":0,"10":1,"11":1,"12":1,"13":0,"14":1,"15":1,"16":1,"17":0,"18":2,"19":0,"20":13,"21":13,"22":15,"23":329,"24":300,"25":519},"b":{"0":[0,3],"1":[2,0],"2":[0,2],"3":[2,0]}}
,"/home/rudolphm/balance-sheet-calculator/src/services/health.check.service.ts": {"path":"/home/rudolphm/balance-sheet-calculator/src/services/health.check.service.ts","statementMap":{"0":{"start":{"line":13,"column":4},"end":{"line":13,"column":86}},"1":{"start":{"line":6,"column":0},"end":{"line":6,"column":13}}},"fnMap":{"0":{"name":"(anonymous_0)","decl":{"start":{"line":9,"column":2},"end":{"line":9,"column":null}},"loc":{"start":{"line":9,"column":2},"end":{"line":10,"column":3}}},"1":{"name":"(anonymous_1)","decl":{"start":{"line":12,"column":9},"end":{"line":12,"column":23}},"loc":{"start":{"line":12,"column":51},"end":{"line":14,"column":3}}}},"branchMap":{},"s":{"0":0,"1":3},"f":{"0":3,"1":0},"b":{}}
,"/home/rudolphm/balance-sheet-calculator/tests/Assertions.ts": {"path":"/home/rudolphm/balance-sheet-calculator/tests/Assertions.ts","statementMap":{"0":{"start":{"line":3,"column":0},"end":{"line":3,"column":46}},"1":{"start":{"line":9,"column":8},"end":{"line":21,"column":null}},"2":{"start":{"line":9,"column":21},"end":{"line":9,"column":22}},"3":{"start":{"line":10,"column":12},"end":{"line":17,"column":null}},"4":{"start":{"line":11,"column":16},"end":{"line":11,"column":92}},"5":{"start":{"line":12,"column":16},"end":{"line":12,"column":86}},"6":{"start":{"line":13,"column":16},"end":{"line":13,"column":86}},"7":{"start":{"line":14,"column":16},"end":{"line":14,"column":100}},"8":{"start":{"line":16,"column":16},"end":{"line":16,"column":82}},"9":{"start":{"line":18,"column":12},"end":{"line":20,"column":null}},"10":{"start":{"line":19,"column":16},"end":{"line":19,"column":83}},"11":{"start":{"line":26,"column":8},"end":{"line":35,"column":null}},"12":{"start":{"line":26,"column":21},"end":{"line":26,"column":22}},"13":{"start":{"line":27,"column":12},"end":{"line":34,"column":null}},"14":{"start":{"line":28,"column":16},"end":{"line":28,"column":92}},"15":{"start":{"line":29,"column":16},"end":{"line":29,"column":86}},"16":{"start":{"line":30,"column":16},"end":{"line":30,"column":86}},"17":{"start":{"line":31,"column":16},"end":{"line":31,"column":100}},"18":{"start":{"line":33,"column":16},"end":{"line":33,"column":82}},"19":{"start":{"line":39,"column":21},"end":{"line":39,"column":67}},"20":{"start":{"line":40,"column":8},"end":{"line":44,"column":109}},"21":{"start":{"line":49,"column":8},"end":{"line":49,"column":40}},"22":{"start":{"line":53,"column":8},"end":{"line":53,"column":34}},"23":{"start":{"line":54,"column":8},"end":{"line":59,"column":null}},"24":{"start":{"line":55,"column":12},"end":{"line":55,"column":37}},"25":{"start":{"line":56,"column":12},"end":{"line":58,"column":null}},"26":{"start":{"line":57,"column":16},"end":{"line":57,"column":42}},"27":{"start":{"line":7,"column":0},"end":{"line":7,"column":13}}},"fnMap":{"0":{"name":"(anonymous_0)","decl":{"start":{"line":8,"column":11},"end":{"line":8,"column":17}},"loc":{"start":{"line":8,"column":119},"end":{"line":22,"column":5}}},"1":{"name":"(anonymous_1)","decl":{"start":{"line":24,"column":11},"end":{"line":24,"column":17}},"loc":{"start":{"line":25,"column":60},"end":{"line":36,"column":5}}},"2":{"name":"(anonymous_2)","decl":{"start":{"line":38,"column":12},"end":{"line":38,"column":18}},"loc":{"start":{"line":38,"column":88},"end":{"line":46,"column":5}}},"3":{"name":"(anonymous_3)","decl":{"start":{"line":48,"column":11},"end":{"line":48,"column":17}},"loc":{"start":{"line":48,"column":69},"end":{"line":50,"column":5}}},"4":{"name":"(anonymous_4)","decl":{"start":{"line":52,"column":11},"end":{"line":52,"column":17}},"loc":{"start":{"line":52,"column":43},"end":{"line":60,"column":5}}}},"branchMap":{"0":{"loc":{"start":{"line":8,"column":92},"end":{"line":8,"column":96}},"type":"default-arg","locations":[{"start":{"line":8,"column":92},"end":{"line":8,"column":96}}]},"1":{"loc":{"start":{"line":8,"column":118},"end":{"line":8,"column":119}},"type":"default-arg","locations":[{"start":{"line":8,"column":118},"end":{"line":8,"column":119}}]},"2":{"loc":{"start":{"line":18,"column":12},"end":{"line":20,"column":null}},"type":"if","locations":[{"start":{"line":18,"column":12},"end":{"line":20,"column":null}},{"start":{"line":18,"column":12},"end":{"line":20,"column":null}}]},"3":{"loc":{"start":{"line":25,"column":59},"end":{"line":25,"column":60}},"type":"default-arg","locations":[{"start":{"line":25,"column":59},"end":{"line":25,"column":60}}]},"4":{"loc":{"start":{"line":39,"column":49},"end":{"line":39,"column":56}},"type":"cond-expr","locations":[{"start":{"line":39,"column":49},"end":{"line":39,"column":56}},{"start":{"line":39,"column":59},"end":{"line":39,"column":67}}]}},"s":{"0":2,"1":3,"2":3,"3":60,"4":60,"5":60,"6":60,"7":60,"8":0,"9":60,"10":60,"11":60,"12":60,"13":180,"14":180,"15":180,"16":180,"17":180,"18":0,"19":0,"20":0,"21":1,"22":0,"23":0,"24":0,"25":0,"26":0,"27":2},"f":{"0":3,"1":60,"2":0,"3":1,"4":0},"b":{"0":[3],"1":[3],"2":[60,0],"3":[60],"4":[0,0]}}
,"/home/rudolphm/balance-sheet-calculator/tests/testData/company.facts.ts": {"path":"/home/rudolphm/balance-sheet-calculator/tests/testData/company.facts.ts","statementMap":{"0":{"start":{"line":1,"column":0},"end":{"line":1,"column":63}},"1":{"start":{"line":2,"column":0},"end":{"line":2,"column":67}},"2":{"start":{"line":3,"column":0},"end":{"line":3,"column":73}},"3":{"start":{"line":5,"column":25},"end":{"line":5,"column":30}},"4":{"start":{"line":6,"column":24},"end":{"line":6,"column":29}},"5":{"start":{"line":7,"column":24},"end":{"line":7,"column":27}},"6":{"start":{"line":8,"column":25},"end":{"line":8,"column":29}},"7":{"start":{"line":10,"column":42},"end":{"line":13,"column":2}},"8":{"start":{"line":14,"column":48},"end":{"line":17,"column":2}},"9":{"start":{"line":19,"column":13},"end":{"line":22,"column":null}},"10":{"start":{"line":24,"column":13},"end":{"line":42,"column":null}},"11":{"start":{"line":44,"column":13},"end":{"line":47,"column":null}}},"fnMap":{},"branchMap":{},"s":{"0":14,"1":14,"2":14,"3":14,"4":14,"5":14,"6":14,"7":14,"8":14,"9":14,"10":14,"11":14},"f":{},"b":{}}
}
