TN:
SF:src/app.ts
FN:23,(anonymous_1)
FN:34,(anonymous_2)
FN:35,(anonymous_3)
FN:38,(anonymous_4)
FNF:4
FNH:2
FNDA:3,(anonymous_1)
FNDA:0,(anonymous_2)
FNDA:0,(anonymous_3)
FNDA:3,(anonymous_4)
DA:1,3
DA:2,3
DA:3,3
DA:4,3
DA:5,3
DA:6,3
DA:8,3
DA:9,3
DA:11,3
DA:12,3
DA:23,3
DA:24,3
DA:25,3
DA:26,3
DA:27,3
DA:29,3
DA:30,3
DA:31,3
DA:35,0
DA:39,3
DA:41,3
DA:44,3
DA:45,3
DA:52,3
LF:24
LH:23
BRF:0
BRH:0
end_of_record
TN:
SF:src/authentication.ts
FN:7,(anonymous_8)
FN:9,(anonymous_9)
FN:11,(anonymous_10)
FN:11,(anonymous_11)
FNF:4
FNH:4
FNDA:3,(anonymous_8)
FNDA:17,(anonymous_9)
FNDA:17,(anonymous_10)
FNDA:17,(anonymous_11)
DA:2,3
DA:3,3
DA:6,3
DA:8,3
DA:9,17
DA:11,17
DA:12,17
DA:13,17
DA:14,0
DA:16,17
DA:19,3
DA:20,3
LF:12
LH:11
BRDA:9,0,0,17
BRDA:9,0,1,17
BRDA:13,1,0,0
BRDA:13,1,1,17
BRF:4
BRH:3
end_of_record
TN:
SF:src/configuration.reader.ts
FN:1,(anonymous_0)
FN:8,(anonymous_1)
FN:21,(anonymous_2)
FN:50,(anonymous_3)
FNF:4
FNH:4
FNDA:15,(anonymous_0)
FNDA:15,(anonymous_1)
FNDA:15,(anonymous_2)
FNDA:120,(anonymous_3)
DA:1,15
DA:2,15
DA:5,15
DA:8,15
DA:9,15
DA:10,15
DA:11,15
DA:12,15
DA:13,15
DA:14,15
DA:15,15
DA:19,15
DA:22,15
DA:23,15
DA:24,15
DA:25,15
DA:26,15
DA:27,15
DA:28,15
DA:29,15
DA:30,15
DA:31,15
DA:32,15
DA:33,15
DA:34,15
DA:35,15
DA:36,15
DA:37,15
DA:39,15
DA:40,15
DA:41,0
DA:42,0
DA:44,0
DA:46,15
DA:51,120
DA:52,0
LF:36
LH:32
BRDA:1,0,0,15
BRDA:1,0,1,15
BRDA:12,1,0,0
BRDA:12,1,1,15
BRDA:13,2,0,0
BRDA:13,2,1,15
BRDA:39,3,0,15
BRDA:39,3,1,0
BRDA:41,4,0,0
BRDA:41,4,1,0
BRDA:51,5,0,0
BRDA:51,5,1,120
BRF:12
BRH:6
end_of_record
TN:
SF:src/database.connection.creator.ts
FN:4,(anonymous_7)
FN:9,(anonymous_8)
FN:30,(anonymous_10)
FNF:3
FNH:3
FNDA:15,(anonymous_7)
FNDA:15,(anonymous_8)
FNDA:15,(anonymous_10)
DA:1,15
DA:4,15
DA:5,15
DA:8,15
DA:12,15
DA:31,15
DA:32,15
DA:33,15
LF:8
LH:8
BRDA:4,0,0,15
BRDA:4,0,1,15
BRF:2
BRH:2
end_of_record
TN:
SF:src/logging.ts
FN:6,(anonymous_6)
FN:25,(anonymous_7)
FN:28,(anonymous_8)
FN:32,(anonymous_9)
FNF:4
FNH:2
FNDA:3,(anonymous_6)
FNDA:0,(anonymous_7)
FNDA:0,(anonymous_8)
FNDA:2,(anonymous_9)
DA:1,3
DA:3,3
DA:5,3
DA:7,3
DA:26,0
DA:29,0
DA:33,2
LF:7
LH:5
BRF:0
BRH:0
end_of_record
TN:
SF:src/calculations/calculator.ts
FN:26,(anonymous_7)
FN:35,(anonymous_8)
FNF:2
FNH:2
FNDA:21,(anonymous_7)
FNDA:21,(anonymous_8)
DA:2,5
DA:3,5
DA:4,5
DA:7,5
DA:8,5
DA:18,5
DA:28,21
DA:29,21
DA:30,21
DA:31,21
DA:32,21
DA:36,21
LF:12
LH:12
BRF:0
BRH:0
end_of_record
TN:
SF:src/calculations/customer.calc.ts
FN:13,(anonymous_0)
FN:16,(anonymous_1)
FN:21,(anonymous_2)
FNF:3
FNH:3
FNDA:23,(anonymous_0)
FNDA:23,(anonymous_1)
FNDA:23,(anonymous_2)
DA:11,6
DA:13,23
DA:17,23
DA:18,23
DA:22,23
DA:23,23
DA:24,6
DA:25,6
DA:27,23
LF:9
LH:9
BRF:0
BRH:0
end_of_record
TN:
SF:src/calculations/employees.calc.ts
FN:5,(anonymous_0)
FN:19,(anonymous_1)
FN:22,(anonymous_2)
FN:29,(anonymous_3)
FN:39,(anonymous_4)
FN:41,(anonymous_5)
FN:46,(anonymous_6)
FN:52,(anonymous_7)
FN:60,(anonymous_8)
FNF:9
FNH:9
FNDA:7,(anonymous_0)
FNDA:40,(anonymous_1)
FNDA:40,(anonymous_2)
FNDA:40,(anonymous_3)
FNDA:40,(anonymous_4)
FNDA:61,(anonymous_5)
FNDA:40,(anonymous_6)
FNDA:40,(anonymous_7)
FNDA:40,(anonymous_8)
DA:5,7
DA:6,7
DA:7,7
DA:8,7
DA:9,7
DA:18,7
DA:19,40
DA:23,40
DA:24,40
DA:25,40
DA:26,40
DA:30,40
DA:31,40
DA:32,61
DA:33,61
DA:36,40
DA:40,40
DA:41,61
DA:42,40
DA:47,40
DA:49,40
DA:53,40
DA:54,40
DA:55,61
DA:57,40
DA:61,40
DA:62,40
DA:63,40
DA:64,40
DA:66,33
DA:67,7
DA:69,3
DA:70,4
DA:72,2
DA:74,2
LF:35
LH:35
BRDA:5,0,0,7
BRDA:5,0,1,7
BRDA:64,1,0,33
BRDA:64,1,1,7
BRDA:64,2,0,40
BRDA:64,2,1,36
BRDA:64,2,2,6
BRDA:67,3,0,3
BRDA:67,3,1,4
BRDA:67,4,0,7
BRDA:67,4,1,5
BRDA:67,4,2,2
BRDA:70,5,0,2
BRDA:70,5,1,2
BRDA:70,6,0,4
BRDA:70,6,1,3
BRDA:70,6,2,1
BRF:17
BRH:17
end_of_record
TN:
SF:src/calculations/finance.calc.ts
FN:17,(anonymous_0)
FN:20,(anonymous_1)
FN:31,(anonymous_2)
FN:32,(anonymous_3)
FN:36,(anonymous_4)
FN:42,(anonymous_5)
FN:47,(anonymous_6)
FNF:7
FNH:7
FNDA:26,(anonymous_0)
FNDA:26,(anonymous_1)
FNDA:26,(anonymous_2)
FNDA:4,(anonymous_3)
FNDA:26,(anonymous_4)
FNDA:26,(anonymous_5)
FNDA:26,(anonymous_6)
DA:3,6
DA:12,6
DA:14,6
DA:15,6
DA:16,6
DA:21,26
DA:22,26
DA:23,26
DA:24,26
DA:32,26
DA:37,26
DA:43,26
DA:48,26
LF:13
LH:13
BRDA:43,0,0,10
BRDA:43,0,1,16
BRDA:48,1,0,10
BRDA:48,1,1,16
BRF:4
BRH:4
end_of_record
TN:
SF:src/calculations/option.ts
FN:5,(anonymous_0)
FN:10,(anonymous_1)
FN:15,(anonymous_2)
FN:25,(anonymous_3)
FN:38,(anonymous_4)
FN:44,(anonymous_5)
FN:46,(anonymous_6)
FNF:7
FNH:7
FNDA:54,(anonymous_0)
FNDA:6,(anonymous_1)
FNDA:21,(anonymous_2)
FNDA:60,(anonymous_3)
FNDA:9,(anonymous_4)
FNDA:46,(anonymous_5)
FNDA:60,(anonymous_6)
DA:6,54
DA:7,33
DA:11,6
DA:12,5
DA:16,21
DA:21,9
DA:22,60
DA:25,60
DA:26,60
DA:30,9
DA:33,9
DA:35,9
DA:39,9
DA:44,46
DA:46,60
LF:15
LH:15
BRDA:6,0,0,21
BRDA:6,0,1,33
BRDA:11,1,0,1
BRDA:11,1,1,5
BRF:4
BRH:4
end_of_record
TN:
SF:src/calculations/social.environment.calc.ts
FN:15,(anonymous_0)
FN:18,(anonymous_1)
FN:25,(anonymous_2)
FN:29,(anonymous_3)
FN:30,(anonymous_4)
FNF:5
FNH:5
FNDA:26,(anonymous_0)
FNDA:26,(anonymous_1)
FNDA:26,(anonymous_2)
FNDA:26,(anonymous_3)
FNDA:8,(anonymous_4)
DA:3,6
DA:10,6
DA:12,6
DA:13,6
DA:19,26
DA:26,26
DA:30,26
LF:7
LH:7
BRDA:26,0,0,22
BRDA:26,0,1,4
BRDA:30,1,0,8
BRDA:30,1,1,7
BRF:4
BRH:4
end_of_record
TN:
SF:src/calculations/stakeholder.weight.calculator.ts
FN:4,(anonymous_7)
FN:9,(anonymous_8)
FN:37,(anonymous_10)
FN:43,(anonymous_12)
FN:49,(anonymous_14)
FN:55,(anonymous_16)
FN:60,(anonymous_18)
FN:64,(anonymous_20)
FN:76,(anonymous_21)
FN:82,(anonymous_22)
FN:93,(anonymous_24)
FN:101,(anonymous_26)
FNF:12
FNH:12
FNDA:22,(anonymous_7)
FNDA:647,(anonymous_8)
FNDA:131,(anonymous_10)
FNDA:129,(anonymous_12)
FNDA:129,(anonymous_14)
FNDA:129,(anonymous_16)
FNDA:129,(anonymous_18)
FNDA:389,(anonymous_20)
FNDA:393,(anonymous_21)
FNDA:132,(anonymous_22)
FNDA:130,(anonymous_24)
FNDA:130,(anonymous_26)
DA:4,5
DA:6,22
DA:7,22
DA:11,647
DA:12,647
DA:14,131
DA:15,131
DA:17,129
DA:18,129
DA:20,129
DA:21,129
DA:23,129
DA:24,129
DA:26,129
DA:27,129
DA:29,0
DA:30,0
DA:32,647
DA:38,131
DA:39,131
DA:44,129
DA:45,129
DA:50,129
DA:51,129
DA:56,129
DA:61,129
DA:65,389
DA:66,65
DA:67,324
DA:68,33
DA:69,291
DA:70,179
DA:72,112
DA:77,393
DA:84,132
DA:86,132
DA:89,132
DA:94,130
DA:95,130
DA:97,130
DA:102,130
DA:103,130
DA:105,130
LF:43
LH:41
BRDA:13,0,0,131
BRDA:13,0,1,129
BRDA:13,0,2,129
BRDA:13,0,3,129
BRDA:13,0,4,129
BRDA:13,0,5,0
BRDA:65,1,0,65
BRDA:65,1,1,324
BRDA:67,2,0,33
BRDA:67,2,1,291
BRDA:69,3,0,179
BRDA:69,3,1,112
BRDA:77,4,0,66
BRDA:77,4,1,327
BRDA:78,5,0,34
BRDA:78,5,1,293
BRDA:89,6,0,92
BRDA:89,6,1,40
BRDA:97,7,0,90
BRDA:97,7,1,40
BRDA:105,8,0,90
BRDA:105,8,1,40
BRF:22
BRH:21
end_of_record
TN:
SF:src/calculations/supplier.calc.ts
FN:16,(anonymous_0)
FN:20,(anonymous_1)
FN:29,(anonymous_2)
FN:38,(anonymous_3)
FN:49,(anonymous_4)
FN:59,(anonymous_5)
FN:65,(anonymous_6)
FNF:7
FNH:7
FNDA:22,(anonymous_0)
FNDA:22,(anonymous_1)
FNDA:22,(anonymous_2)
FNDA:22,(anonymous_3)
FNDA:22,(anonymous_4)
FNDA:62,(anonymous_5)
FNDA:31,(anonymous_6)
DA:14,6
DA:15,6
DA:16,22
DA:17,22
DA:21,22
DA:22,22
DA:23,22
DA:24,22
DA:25,22
DA:30,22
DA:31,22
DA:32,31
DA:33,31
DA:35,22
DA:39,22
DA:40,22
DA:41,22
DA:42,31
DA:43,31
DA:44,31
DA:46,22
DA:50,22
DA:51,22
DA:52,31
DA:53,31
DA:55,22
DA:60,62
DA:61,62
DA:66,31
DA:67,31
LF:30
LH:30
BRDA:24,0,0,8
BRDA:24,0,1,14
BRF:2
BRH:2
end_of_record
TN:
SF:src/calculations/topic.updater.ts
FN:7,(anonymous_7)
FN:11,(anonymous_8)
FN:31,(anonymous_10)
FN:35,(anonymous_11)
FN:36,(anonymous_12)
FN:42,(anonymous_13)
FN:44,(anonymous_14)
FNF:7
FNH:7
FNDA:17,(anonymous_7)
FNDA:17,(anonymous_8)
FNDA:876,(anonymous_10)
FNDA:321,(anonymous_11)
FNDA:876,(anonymous_12)
FNDA:321,(anonymous_13)
FNDA:876,(anonymous_14)
DA:1,4
DA:4,4
DA:7,4
DA:8,17
DA:9,17
DA:12,17
DA:14,17
DA:15,321
DA:16,321
DA:18,321
DA:20,321
DA:23,17
DA:25,321
DA:26,321
DA:28,321
DA:29,321
DA:30,321
DA:31,876
DA:36,876
DA:37,304
DA:38,304
DA:43,321
DA:44,876
DA:45,321
DA:46,572
DA:48,321
DA:49,572
DA:50,572
LF:28
LH:28
BRDA:18,0,0,61
BRDA:18,0,1,260
BRDA:49,1,0,572
BRDA:49,1,1,0
BRF:4
BRH:3
end_of_record
TN:
SF:src/calculations/topic.weight.calculator.ts
FN:8,(anonymous_7)
FN:78,(anonymous_9)
FN:82,(anonymous_10)
FN:94,(anonymous_11)
FN:106,(anonymous_12)
FN:118,(anonymous_13)
FN:133,(anonymous_14)
FN:145,(anonymous_15)
FN:153,(anonymous_16)
FN:163,(anonymous_17)
FN:177,(anonymous_18)
FN:190,(anonymous_19)
FN:194,(anonymous_20)
FN:209,(anonymous_21)
FNF:14
FNH:14
FNDA:316,(anonymous_7)
FNDA:96,(anonymous_9)
FNDA:17,(anonymous_10)
FNDA:17,(anonymous_11)
FNDA:17,(anonymous_12)
FNDA:18,(anonymous_13)
FNDA:17,(anonymous_14)
FNDA:17,(anonymous_15)
FNDA:17,(anonymous_16)
FNDA:17,(anonymous_17)
FNDA:34,(anonymous_18)
FNDA:15,(anonymous_19)
FNDA:17,(anonymous_20)
FNDA:17,(anonymous_21)
DA:3,5
DA:6,5
DA:9,316
DA:10,316
DA:12,13
DA:13,13
DA:15,13
DA:16,13
DA:18,17
DA:19,17
DA:21,17
DA:22,17
DA:24,17
DA:25,17
DA:27,18
DA:28,18
DA:30,17
DA:31,17
DA:33,17
DA:34,17
DA:36,14
DA:37,14
DA:39,14
DA:40,14
DA:42,17
DA:43,17
DA:45,17
DA:46,17
DA:48,14
DA:49,14
DA:51,14
DA:52,14
DA:54,17
DA:55,17
DA:57,15
DA:58,15
DA:60,14
DA:61,14
DA:63,17
DA:64,17
DA:66,17
DA:67,17
DA:69,17
DA:70,17
DA:72,0
DA:73,0
DA:75,316
DA:79,96
DA:83,17
DA:84,7
DA:85,10
DA:86,1
DA:87,9
DA:88,1
DA:90,8
DA:95,17
DA:96,8
DA:97,9
DA:98,2
DA:99,7
DA:100,6
DA:102,1
DA:107,17
DA:108,5
DA:109,12
DA:110,6
DA:111,6
DA:112,2
DA:114,4
DA:119,18
DA:120,5
DA:121,13
DA:122,10
DA:123,3
DA:124,1
DA:125,2
DA:126,1
DA:128,1
DA:134,17
DA:135,5
DA:136,12
DA:137,1
DA:138,11
DA:139,7
DA:141,4
DA:146,17
DA:147,13
DA:149,4
DA:154,17
DA:155,14
DA:156,3
DA:157,2
DA:159,1
DA:164,17
DA:165,1
DA:167,16
DA:168,13
DA:170,3
DA:171,1
DA:173,2
DA:178,34
DA:179,20
DA:181,14
DA:182,2
DA:183,12
DA:184,10
DA:186,2
DA:191,15
DA:195,17
DA:196,3
DA:197,3
DA:198,1
DA:199,2
DA:200,1
DA:202,1
DA:205,14
DA:210,17
DA:211,1
DA:212,16
DA:214,15
DA:216,1
LF:121
LH:119
BRDA:11,0,0,13
BRDA:11,0,1,13
BRDA:11,0,2,17
BRDA:11,0,3,17
BRDA:11,0,4,17
BRDA:11,0,5,18
BRDA:11,0,6,17
BRDA:11,0,7,17
BRDA:11,0,8,14
BRDA:11,0,9,14
BRDA:11,0,10,17
BRDA:11,0,11,17
BRDA:11,0,12,14
BRDA:11,0,13,14
BRDA:11,0,14,17
BRDA:11,0,15,15
BRDA:11,0,16,14
BRDA:11,0,17,17
BRDA:11,0,18,17
BRDA:11,0,19,17
BRDA:11,0,20,0
BRDA:83,1,0,7
BRDA:83,1,1,10
BRDA:85,2,0,1
BRDA:85,2,1,9
BRDA:87,3,0,1
BRDA:87,3,1,8
BRDA:95,4,0,8
BRDA:95,4,1,9
BRDA:97,5,0,2
BRDA:97,5,1,7
BRDA:99,6,0,6
BRDA:99,6,1,1
BRDA:107,7,0,5
BRDA:107,7,1,12
BRDA:109,8,0,6
BRDA:109,8,1,6
BRDA:111,9,0,2
BRDA:111,9,1,4
BRDA:119,10,0,5
BRDA:119,10,1,13
BRDA:121,11,0,10
BRDA:121,11,1,3
BRDA:123,12,0,1
BRDA:123,12,1,2
BRDA:125,13,0,1
BRDA:125,13,1,1
BRDA:134,14,0,5
BRDA:134,14,1,12
BRDA:136,15,0,1
BRDA:136,15,1,11
BRDA:138,16,0,7
BRDA:138,16,1,4
BRDA:146,17,0,13
BRDA:146,17,1,4
BRDA:154,18,0,14
BRDA:154,18,1,3
BRDA:154,19,0,17
BRDA:154,19,1,15
BRDA:156,20,0,2
BRDA:156,20,1,1
BRDA:164,21,0,1
BRDA:164,21,1,16
BRDA:167,22,0,13
BRDA:167,22,1,3
BRDA:170,23,0,1
BRDA:170,23,1,2
BRDA:178,24,0,20
BRDA:178,24,1,14
BRDA:181,25,0,2
BRDA:181,25,1,12
BRDA:183,26,0,10
BRDA:183,26,1,2
BRDA:191,27,0,1
BRDA:191,27,1,14
BRDA:195,28,0,3
BRDA:195,28,1,14
BRDA:197,29,0,1
BRDA:197,29,1,2
BRDA:199,30,0,1
BRDA:199,30,1,1
BRDA:210,31,0,1
BRDA:210,31,1,16
BRDA:212,32,0,15
BRDA:212,32,1,1
BRDA:212,33,0,16
BRDA:212,33,1,3
BRF:87
BRH:86
end_of_record
TN:
SF:src/controllers/balance.sheet.controller.ts
FN:7,(anonymous_0)
FN:11,(anonymous_1)
FNF:2
FNH:2
FNDA:3,(anonymous_0)
FNDA:3,(anonymous_1)
DA:5,3
DA:7,3
DA:8,3
DA:12,3
DA:13,3
DA:15,3
DA:16,3
LF:7
LH:7
BRF:0
BRH:0
end_of_record
TN:
SF:src/controllers/health.check.controller.ts
FN:7,(anonymous_0)
FN:11,(anonymous_1)
FNF:2
FNH:2
FNDA:3,(anonymous_0)
FNDA:3,(anonymous_1)
DA:5,3
DA:7,3
DA:8,3
DA:12,3
LF:4
LH:4
BRF:0
BRH:0
end_of_record
TN:
SF:src/dto/validation.constants.ts
FNF:0
FNH:0
DA:1,3
LF:1
LH:1
BRF:0
BRH:0
end_of_record
TN:
SF:src/dto/create/balance.sheet.create.dto.ts
FN:11,(anonymous_9)
FN:29,(anonymous_10)
FN:20,(anonymous_12)
FNF:3
FNH:3
FNDA:10,(anonymous_9)
FNDA:10,(anonymous_10)
FNDA:12,(anonymous_12)
DA:1,3
DA:2,3
DA:3,3
DA:4,3
DA:5,3
DA:6,3
DA:8,3
DA:10,3
DA:12,10
DA:13,10
DA:16,10
DA:19,3
DA:21,12
DA:30,10
DA:31,10
LF:15
LH:15
BRF:0
BRH:0
end_of_record
TN:
SF:src/dto/create/company.facts.create.dto.ts
FN:55,(anonymous_2)
FN:116,(anonymous_3)
FN:121,(anonymous_4)
FN:122,(anonymous_5)
FN:122,(anonymous_6)
FN:94,(anonymous_7)
FNF:6
FNH:6
FNDA:11,(anonymous_2)
FNDA:11,(anonymous_3)
FNDA:6,(anonymous_4)
FNDA:6,(anonymous_5)
FNDA:4,(anonymous_6)
FNDA:13,(anonymous_7)
DA:1,4
DA:2,4
DA:3,4
DA:4,4
DA:5,4
DA:6,4
DA:8,4
DA:11,4
DA:14,4
DA:16,4
DA:19,4
DA:22,4
DA:25,4
DA:28,4
DA:31,4
DA:34,4
DA:37,4
DA:40,4
DA:42,4
DA:45,4
DA:47,4
DA:49,4
DA:51,4
DA:53,4
DA:74,11
DA:75,11
DA:76,11
DA:77,11
DA:78,11
DA:79,11
DA:80,11
DA:81,11
DA:82,11
DA:83,11
DA:84,11
DA:85,11
DA:86,11
DA:87,11
DA:88,11
DA:89,11
DA:90,11
DA:93,4
DA:95,13
DA:117,11
DA:121,6
DA:122,6
LF:46
LH:46
BRF:0
BRH:0
end_of_record
TN:
SF:src/dto/create/employees.fraction.create.dto.ts
FN:16,(anonymous_2)
FN:32,(anonymous_3)
FN:25,(anonymous_4)
FNF:3
FNH:3
FNDA:6,(anonymous_2)
FNDA:6,(anonymous_3)
FNDA:6,(anonymous_4)
DA:1,4
DA:2,4
DA:3,4
DA:5,4
DA:10,4
DA:14,4
DA:20,6
DA:21,6
DA:24,4
DA:26,6
DA:33,6
LF:11
LH:11
BRF:0
BRH:0
end_of_record
TN:
SF:src/dto/create/industry.sector.create.dto.ts
FN:16,(anonymous_2)
FN:30,(anonymous_3)
FN:23,(anonymous_4)
FNF:3
FNH:3
FNDA:5,(anonymous_2)
FNDA:5,(anonymous_3)
FNDA:5,(anonymous_4)
DA:1,5
DA:2,5
DA:3,5
DA:5,5
DA:9,5
DA:13,5
DA:15,5
DA:17,5
DA:18,5
DA:19,5
DA:22,5
DA:24,5
DA:31,5
LF:13
LH:13
BRF:0
BRH:0
end_of_record
TN:
SF:src/dto/create/supply.fraction.create.dto.ts
FN:17,(anonymous_2)
FN:31,(anonymous_3)
FN:24,(anonymous_4)
FNF:3
FNH:3
FNDA:6,(anonymous_2)
FNDA:6,(anonymous_3)
FNDA:6,(anonymous_4)
DA:1,4
DA:2,4
DA:3,4
DA:5,4
DA:10,4
DA:13,4
DA:16,4
DA:18,6
DA:19,6
DA:20,6
DA:23,4
DA:25,6
DA:32,6
LF:13
LH:13
BRF:0
BRH:0
end_of_record
TN:
SF:src/dto/matrix/matrix.dto.ts
FN:8,(anonymous_0)
FN:11,(anonymous_1)
FNF:2
FNH:2
FNDA:5,(anonymous_0)
FNDA:5,(anonymous_1)
DA:2,4
DA:5,4
DA:8,5
DA:12,5
DA:13,5
DA:14,100
DA:16,5
LF:7
LH:7
BRF:0
BRH:0
end_of_record
TN:
SF:src/dto/matrix/matrix.topic.dto.ts
FN:6,(anonymous_0)
FN:12,(anonymous_1)
FN:19,(anonymous_2)
FNF:3
FNH:3
FNDA:110,(anonymous_0)
FNDA:110,(anonymous_1)
FNDA:110,(anonymous_2)
DA:4,5
DA:6,110
DA:7,110
DA:8,110
DA:9,110
DA:13,110
DA:14,82
DA:16,28
DA:20,110
DA:21,110
DA:22,110
DA:23,110
LF:12
LH:12
BRDA:13,0,0,82
BRDA:13,0,1,28
BRDA:22,1,0,108
BRDA:22,1,1,2
BRF:4
BRH:4
end_of_record
TN:
SF:src/dto/update/aspect.update.dto.ts
FN:23,(anonymous_2)
FN:33,(anonymous_3)
FNF:2
FNH:2
FNDA:4,(anonymous_2)
FNDA:4,(anonymous_3)
DA:1,3
DA:2,3
DA:9,3
DA:11,3
DA:17,3
DA:21,3
DA:24,4
DA:28,4
DA:29,4
DA:32,3
DA:34,4
LF:11
LH:11
BRF:0
BRH:0
end_of_record
TN:
SF:src/dto/update/balance.sheet.update.dto.ts
FN:14,(anonymous_2)
FN:24,(anonymous_3)
FNF:2
FNH:2
FNDA:3,(anonymous_2)
FNDA:3,(anonymous_3)
DA:1,3
DA:2,3
DA:3,3
DA:5,3
DA:7,3
DA:10,3
DA:13,3
DA:15,3
DA:19,3
DA:20,3
DA:23,3
DA:24,3
LF:12
LH:12
BRF:0
BRH:0
end_of_record
TN:
SF:src/dto/update/company.facts.update.dto.ts
FN:78,(anonymous_2)
FN:117,(anonymous_3)
FNF:2
FNH:2
FNDA:37,(anonymous_2)
FNDA:37,(anonymous_3)
DA:1,5
DA:2,5
DA:3,5
DA:4,5
DA:10,5
DA:13,5
DA:18,5
DA:22,5
DA:25,5
DA:29,5
DA:33,5
DA:37,5
DA:41,5
DA:45,5
DA:49,5
DA:53,5
DA:57,5
DA:60,5
DA:64,5
DA:67,5
DA:70,5
DA:73,5
DA:76,5
DA:97,37
DA:98,37
DA:99,37
DA:100,37
DA:101,37
DA:102,37
DA:103,37
DA:104,37
DA:105,37
DA:106,37
DA:107,37
DA:108,37
DA:109,37
DA:110,37
DA:111,37
DA:112,37
DA:113,37
DA:116,5
DA:118,37
LF:42
LH:42
BRF:0
BRH:0
end_of_record
TN:
SF:src/dto/update/employees.fraction.update.dto.ts
FN:14,(anonymous_2)
FN:23,(anonymous_3)
FNF:2
FNH:2
FNDA:2,(anonymous_2)
FNDA:2,(anonymous_3)
DA:1,5
DA:2,5
DA:4,5
DA:8,5
DA:12,5
DA:18,2
DA:19,2
DA:22,5
DA:24,2
LF:9
LH:9
BRF:0
BRH:0
end_of_record
TN:
SF:src/dto/update/industry.sector.update.dto.ts
FN:15,(anonymous_2)
FN:22,(anonymous_3)
FNF:2
FNH:0
FNDA:0,(anonymous_2)
FNDA:0,(anonymous_3)
DA:1,5
DA:2,5
DA:4,5
DA:8,5
DA:12,5
DA:14,5
DA:16,0
DA:17,0
DA:18,0
DA:21,5
DA:23,0
LF:11
LH:7
BRF:0
BRH:0
end_of_record
TN:
SF:src/dto/update/rating.update.dto.ts
FN:8,(anonymous_2)
FN:15,(anonymous_3)
FNF:2
FNH:2
FNDA:2,(anonymous_2)
FNDA:2,(anonymous_3)
DA:1,3
DA:2,3
DA:3,3
DA:5,3
DA:7,3
DA:11,2
DA:14,3
DA:16,2
LF:8
LH:8
BRF:0
BRH:0
end_of_record
TN:
SF:src/dto/update/supply.fraction.update.dto.ts
FN:16,(anonymous_2)
FN:23,(anonymous_3)
FNF:2
FNH:2
FNDA:2,(anonymous_2)
FNDA:2,(anonymous_3)
DA:1,5
DA:2,5
DA:4,5
DA:8,5
DA:11,5
DA:14,5
DA:17,2
DA:18,2
DA:19,2
DA:22,5
DA:24,2
LF:11
LH:11
BRF:0
BRH:0
end_of_record
TN:
SF:src/dto/update/topic.update.dto.ts
FN:13,(anonymous_2)
FN:23,(anonymous_3)
FNF:2
FNH:2
FNDA:2,(anonymous_2)
FNDA:2,(anonymous_3)
DA:1,3
DA:2,3
DA:4,3
DA:5,3
DA:7,3
DA:10,3
DA:12,3
DA:14,2
DA:18,2
DA:19,2
DA:22,3
DA:23,2
LF:12
LH:12
BRF:0
BRH:0
end_of_record
TN:
SF:src/entities/aspect.ts
FN:29,(anonymous_2)
FN:26,(anonymous_3)
FN:26,(anonymous_4)
FNF:3
FNH:3
FNDA:1728,(anonymous_2)
FNDA:15,(anonymous_3)
FNDA:15,(anonymous_4)
DA:1,19
DA:2,19
DA:6,19
DA:8,19
DA:10,19
DA:12,19
DA:14,19
DA:16,1728
DA:18,1728
DA:20,19
DA:22,19
DA:24,19
DA:26,15
DA:27,19
DA:40,1728
DA:41,1728
DA:42,1728
DA:43,1728
DA:44,1728
DA:45,1728
DA:46,1728
DA:47,1728
DA:48,1728
LF:23
LH:23
BRF:0
BRH:0
end_of_record
TN:
SF:src/entities/balanceSheet.ts
FN:21,(anonymous_2)
FN:15,(anonymous_3)
FN:18,(anonymous_4)
FNF:3
FNH:3
FNDA:33,(anonymous_2)
FNDA:15,(anonymous_3)
FNDA:15,(anonymous_4)
DA:1,15
DA:2,15
DA:3,15
DA:4,15
DA:8,15
DA:10,15
DA:12,15
DA:14,15
DA:15,15
DA:17,15
DA:18,15
DA:20,15
DA:28,33
DA:29,33
DA:30,33
DA:31,33
DA:32,33
LF:17
LH:17
BRF:0
BRH:0
end_of_record
TN:
SF:src/entities/companyFacts.ts
FN:46,(anonymous_2)
FN:39,(anonymous_3)
FN:39,(anonymous_4)
FN:41,(anonymous_5)
FN:41,(anonymous_6)
FN:43,(anonymous_7)
FN:43,(anonymous_8)
FNF:7
FNH:7
FNDA:69,(anonymous_2)
FNDA:15,(anonymous_3)
FNDA:15,(anonymous_4)
FNDA:15,(anonymous_5)
FNDA:15,(anonymous_6)
FNDA:15,(anonymous_7)
FNDA:15,(anonymous_8)
DA:2,19
DA:3,19
DA:4,19
DA:5,19
DA:8,19
DA:10,19
DA:12,19
DA:14,19
DA:16,19
DA:18,19
DA:20,19
DA:22,19
DA:24,19
DA:26,19
DA:28,19
DA:30,19
DA:32,19
DA:34,19
DA:36,19
DA:38,19
DA:39,15
DA:40,19
DA:41,15
DA:42,19
DA:43,15
DA:44,19
DA:66,69
DA:67,69
DA:68,69
DA:69,69
DA:70,69
DA:71,69
DA:72,69
DA:73,69
DA:74,69
DA:75,69
DA:76,69
DA:77,69
DA:78,69
DA:79,69
DA:80,69
DA:81,69
DA:82,69
DA:83,69
LF:44
LH:44
BRF:0
BRH:0
end_of_record
TN:
SF:src/entities/employeesFraction.ts
FN:15,(anonymous_2)
FN:13,(anonymous_3)
FN:13,(anonymous_4)
FNF:3
FNH:3
FNDA:71,(anonymous_2)
FNDA:15,(anonymous_3)
FNDA:15,(anonymous_4)
DA:2,19
DA:3,19
DA:6,19
DA:8,19
DA:10,19
DA:12,19
DA:13,15
DA:14,19
DA:20,71
DA:21,71
DA:22,71
LF:11
LH:11
BRF:0
BRH:0
end_of_record
TN:
SF:src/entities/entity.with.dto.merger.ts
FN:21,(anonymous_7)
FN:26,(anonymous_8)
FN:35,(anonymous_10)
FN:65,(anonymous_12)
FN:68,(anonymous_13)
FN:78,(anonymous_14)
FN:80,(anonymous_15)
FN:95,(anonymous_16)
FN:98,(anonymous_18)
FN:102,(anonymous_19)
FN:104,(anonymous_21)
FN:107,(anonymous_22)
FN:109,(anonymous_24)
FN:113,(anonymous_25)
FNF:14
FNH:13
FNDA:4,(anonymous_7)
FNDA:3,(anonymous_8)
FNDA:29,(anonymous_10)
FNDA:2,(anonymous_12)
FNDA:2,(anonymous_13)
FNDA:2,(anonymous_14)
FNDA:6,(anonymous_15)
FNDA:1,(anonymous_16)
FNDA:0,(anonymous_18)
FNDA:1,(anonymous_19)
FNDA:2,(anonymous_21)
FNDA:1,(anonymous_22)
FNDA:2,(anonymous_24)
FNDA:412,(anonymous_25)
DA:7,15
DA:8,15
DA:17,15
DA:19,15
DA:21,4
DA:22,4
DA:23,4
DA:27,3
DA:28,1
DA:30,3
DA:31,2
DA:36,29
DA:37,29
DA:38,29
DA:39,29
DA:40,29
DA:42,29
DA:43,29
DA:44,29
DA:45,29
DA:46,29
DA:48,29
DA:50,29
DA:51,29
DA:53,29
DA:54,29
DA:55,1
DA:57,29
DA:58,1
DA:60,29
DA:61,1
DA:66,2
DA:67,2
DA:68,2
DA:69,2
DA:70,2
DA:72,0
DA:79,2
DA:80,6
DA:81,4
DA:82,4
DA:83,4
DA:84,0
DA:85,0
DA:88,0
DA:91,2
DA:92,2
DA:97,1
DA:98,1
DA:103,1
DA:104,2
DA:108,1
DA:109,2
DA:114,412
LF:54
LH:50
BRDA:27,0,0,1
BRDA:27,0,1,2
BRDA:30,1,0,2
BRDA:30,1,1,1
BRDA:54,2,0,1
BRDA:54,2,1,28
BRDA:57,3,0,1
BRDA:57,3,1,28
BRDA:60,4,0,1
BRDA:60,4,1,28
BRDA:66,5,0,2
BRDA:66,5,1,0
BRDA:69,6,0,2
BRDA:69,6,1,0
BRDA:81,7,0,4
BRDA:81,7,1,0
BRDA:83,8,0,0
BRDA:83,8,1,4
BRDA:83,9,0,4
BRDA:83,9,1,2
BRDA:91,10,0,0
BRDA:91,10,1,2
BRDA:114,11,0,28
BRDA:114,11,1,384
BRF:24
BRH:19
end_of_record
TN:
SF:src/entities/enums.ts
FN:3,(anonymous_0)
FN:11,(anonymous_1)
FNF:2
FNH:2
FNDA:17,(anonymous_0)
FNDA:17,(anonymous_1)
DA:1,17
DA:3,17
DA:4,17
DA:5,17
DA:6,17
DA:9,17
DA:11,17
DA:12,17
DA:15,17
LF:9
LH:9
BRDA:3,0,0,17
BRDA:3,0,1,17
BRDA:11,1,0,17
BRDA:11,1,1,17
BRF:4
BRH:4
end_of_record
TN:
SF:src/entities/industry.sector.ts
FN:17,(anonymous_2)
FN:14,(anonymous_3)
FN:14,(anonymous_4)
FNF:3
FNH:3
FNDA:35,(anonymous_2)
FNDA:15,(anonymous_3)
FNDA:15,(anonymous_4)
DA:1,19
DA:2,19
DA:5,19
DA:7,19
DA:9,19
DA:11,19
DA:13,19
DA:14,15
DA:15,19
DA:18,35
DA:19,35
DA:20,35
DA:21,35
LF:13
LH:13
BRF:0
BRH:0
end_of_record
TN:
SF:src/entities/industry.ts
FN:16,(anonymous_2)
FNF:1
FNH:1
FNDA:83,(anonymous_2)
DA:2,16
DA:5,16
DA:7,16
DA:9,16
DA:11,16
DA:14,16
DA:18,83
DA:19,83
DA:20,83
DA:21,83
LF:10
LH:10
BRF:0
BRH:0
end_of_record
TN:
SF:src/entities/rating.ts
FN:13,(anonymous_2)
FN:10,(anonymous_3)
FN:10,(anonymous_4)
FNF:3
FNH:3
FNDA:47,(anonymous_2)
FNDA:15,(anonymous_3)
FNDA:15,(anonymous_4)
DA:2,19
DA:3,19
DA:7,19
DA:9,19
DA:10,15
DA:11,19
DA:18,47
LF:7
LH:7
BRF:0
BRH:0
end_of_record
TN:
SF:src/entities/region.ts
FN:18,(anonymous_2)
FNF:1
FNH:1
FNDA:322,(anonymous_2)
DA:2,16
DA:5,16
DA:7,16
DA:9,16
DA:12,16
DA:14,16
DA:16,16
DA:19,322
DA:20,322
DA:21,322
DA:22,322
DA:23,322
LF:12
LH:12
BRF:0
BRH:0
end_of_record
TN:
SF:src/entities/supplyFraction.ts
FN:19,(anonymous_2)
FN:16,(anonymous_3)
FN:16,(anonymous_4)
FNF:3
FNH:3
FNDA:75,(anonymous_2)
FNDA:15,(anonymous_3)
FNDA:15,(anonymous_4)
DA:2,19
DA:3,19
DA:6,19
DA:8,19
DA:10,19
DA:12,19
DA:14,19
DA:16,15
DA:17,19
DA:20,75
DA:21,75
DA:22,75
DA:23,75
LF:13
LH:13
BRF:0
BRH:0
end_of_record
TN:
SF:src/entities/topic.ts
FN:28,(anonymous_2)
FN:23,(anonymous_3)
FN:23,(anonymous_4)
FN:25,(anonymous_5)
FN:25,(anonymous_6)
FNF:5
FNH:5
FNDA:646,(anonymous_2)
FNDA:15,(anonymous_3)
FNDA:15,(anonymous_4)
FNDA:15,(anonymous_5)
FNDA:15,(anonymous_6)
DA:1,19
DA:2,19
DA:3,19
DA:6,19
DA:8,19
DA:10,19
DA:12,19
DA:14,19
DA:16,646
DA:18,646
DA:20,19
DA:22,19
DA:23,15
DA:24,19
DA:25,15
DA:26,19
DA:39,646
DA:40,646
DA:41,646
DA:42,646
DA:43,646
DA:44,646
DA:45,646
DA:46,646
DA:47,646
LF:25
LH:25
BRF:0
BRH:0
end_of_record
TN:
SF:src/exceptions/bad.request.exception.ts
FN:4,(anonymous_1)
FNF:1
FNH:1
FNDA:2,(anonymous_1)
DA:1,3
DA:5,2
DA:9,3
LF:3
LH:3
BRF:0
BRH:0
end_of_record
TN:
SF:src/exceptions/http.exception.ts
FN:4,(anonymous_0)
FNF:1
FNH:1
FNDA:4,(anonymous_0)
DA:5,4
DA:6,4
DA:7,4
DA:11,3
LF:4
LH:4
BRF:0
BRH:0
end_of_record
TN:
SF:src/exceptions/internal.server.exception.ts
FN:5,(anonymous_1)
FNF:1
FNH:1
FNDA:2,(anonymous_1)
DA:1,3
DA:2,3
DA:6,2
DA:7,2
DA:11,3
LF:5
LH:5
BRF:0
BRH:0
end_of_record
TN:
SF:src/factories/rating.factory.ts
FN:10,(anonymous_13)
FNF:1
FNH:1
FNDA:16,(anonymous_13)
DA:2,5
DA:3,5
DA:6,5
DA:7,5
DA:8,5
DA:12,16
DA:13,16
DA:15,16
DA:16,16
LF:9
LH:9
BRF:0
BRH:0
end_of_record
TN:
SF:src/middleware/error.middleware.ts
FN:4,errorMiddleware
FNF:1
FNH:0
FNDA:0,errorMiddleware
DA:5,0
DA:6,0
DA:7,0
DA:15,3
LF:4
LH:1
BRDA:5,0,0,0
BRDA:5,0,1,0
BRDA:6,1,0,0
BRDA:6,1,1,0
BRF:4
BRH:0
end_of_record
TN:
SF:src/migrations/1594223075363-CreateIndustrySectorTable.ts
FN:5,(anonymous_7)
FN:17,(anonymous_9)
FNF:2
FNH:0
FNDA:0,(anonymous_7)
FNDA:0,(anonymous_9)
DA:3,15
DA:6,0
DA:14,0
DA:18,0
DA:19,0
LF:5
LH:1
BRF:0
BRH:0
end_of_record
TN:
SF:src/migrations/1594223075364-CreateIndustryTable.ts
FN:5,(anonymous_7)
FN:19,(anonymous_9)
FNF:2
FNH:0
FNDA:0,(anonymous_7)
FNDA:0,(anonymous_9)
DA:3,15
DA:7,0
DA:14,0
DA:15,0
DA:16,0
DA:20,0
DA:21,0
DA:22,0
DA:23,0
LF:9
LH:1
BRF:0
BRH:0
end_of_record
TN:
SF:src/migrations/1594223075365-CreateRegionTable.ts
FN:5,(anonymous_7)
FN:20,(anonymous_9)
FNF:2
FNH:0
FNDA:0,(anonymous_7)
FNDA:0,(anonymous_9)
DA:3,15
DA:7,0
DA:15,0
DA:16,0
DA:17,0
DA:21,0
DA:22,0
DA:23,0
DA:24,0
LF:9
LH:1
BRF:0
BRH:0
end_of_record
TN:
SF:src/migrations/1594223075366-CreateCompanyFactsTable.ts
FN:5,(anonymous_7)
FN:27,(anonymous_9)
FNF:2
FNH:0
FNDA:0,(anonymous_7)
FNDA:0,(anonymous_9)
DA:3,15
DA:6,0
DA:24,0
DA:28,0
DA:29,0
LF:5
LH:1
BRF:0
BRH:0
end_of_record
TN:
SF:src/migrations/1594223075367-CreateEmployeesFractionTable.ts
FN:5,(anonymous_7)
FN:16,(anonymous_9)
FNF:2
FNH:0
FNDA:0,(anonymous_7)
FNDA:0,(anonymous_9)
DA:3,15
DA:6,0
DA:13,0
DA:17,0
DA:18,0
LF:5
LH:1
BRF:0
BRH:0
end_of_record
TN:
SF:src/migrations/1594223075368-CreateSupplyFractionTable.ts
FN:5,(anonymous_7)
FN:17,(anonymous_9)
FNF:2
FNH:0
FNDA:0,(anonymous_7)
FNDA:0,(anonymous_9)
DA:3,15
DA:6,0
DA:14,0
DA:18,0
DA:19,0
LF:5
LH:1
BRF:0
BRH:0
end_of_record
TN:
SF:src/migrations/1594223075369-RatingTable.ts
FN:5,(anonymous_7)
FN:13,(anonymous_9)
FNF:2
FNH:0
FNDA:0,(anonymous_7)
FNDA:0,(anonymous_9)
DA:3,15
DA:6,0
DA:10,0
DA:14,0
DA:15,0
LF:5
LH:1
BRF:0
BRH:0
end_of_record
TN:
SF:src/migrations/1594223075370-TopicTable.ts
FN:5,(anonymous_7)
FN:21,(anonymous_9)
FNF:2
FNH:0
FNDA:0,(anonymous_7)
FNDA:0,(anonymous_9)
DA:3,15
DA:6,0
DA:18,0
DA:22,0
DA:23,0
LF:5
LH:1
BRF:0
BRH:0
end_of_record
TN:
SF:src/migrations/1594223075371-AspectTable.ts
FN:5,(anonymous_7)
FN:22,(anonymous_9)
FNF:2
FNH:0
FNDA:0,(anonymous_7)
FNDA:0,(anonymous_9)
DA:3,15
DA:6,0
DA:19,0
DA:23,0
DA:24,0
LF:5
LH:1
BRF:0
BRH:0
end_of_record
TN:
SF:src/migrations/1594223075373-BalanceSheetTable.ts
FN:5,(anonymous_7)
FN:19,(anonymous_9)
FNF:2
FNH:0
FNDA:0,(anonymous_7)
FNDA:0,(anonymous_9)
DA:3,15
DA:6,0
DA:16,0
DA:20,0
DA:21,0
LF:5
LH:1
BRF:0
BRH:0
end_of_record
TN:
SF:src/migrations/1594223075374-AddForeignKeyConstraints.ts
FN:5,(anonymous_7)
FN:27,(anonymous_9)
FNF:2
FNH:0
FNDA:0,(anonymous_7)
FNDA:0,(anonymous_9)
DA:3,15
DA:6,0
DA:22,0
DA:23,0
DA:28,0
DA:37,0
DA:38,0
LF:7
LH:1
BRF:0
BRH:0
end_of_record
TN:
SF:src/migrations/1596038818262-CreateRegionEntries.ts
FN:9,(anonymous_7)
FN:19,(anonymous_9)
FNF:2
FNH:0
FNDA:0,(anonymous_7)
FNDA:0,(anonymous_9)
DA:2,15
DA:3,15
DA:6,15
DA:10,0
DA:11,0
DA:12,0
DA:14,0
DA:15,0
DA:20,0
DA:21,0
DA:22,0
DA:24,0
DA:25,0
LF:13
LH:3
BRF:0
BRH:0
end_of_record
TN:
SF:src/migrations/1596038818263-CreateIndustryEntries.ts
FN:10,(anonymous_7)
FN:20,(anonymous_9)
FNF:2
FNH:0
FNDA:0,(anonymous_7)
FNDA:0,(anonymous_9)
DA:4,15
DA:5,15
DA:7,15
DA:11,0
DA:12,0
DA:13,0
DA:15,0
DA:16,0
DA:21,0
DA:22,0
DA:23,0
DA:24,0
DA:25,0
LF:13
LH:3
BRF:0
BRH:0
end_of_record
TN:
SF:src/providers/industry.provider.ts
FN:7,(anonymous_8)
FN:8,(anonymous_9)
FNF:2
FNH:2
FNDA:23,(anonymous_8)
FNDA:23,(anonymous_9)
DA:1,8
DA:6,8
DA:7,8
DA:8,23
DA:9,23
DA:10,23
DA:11,29
DA:14,23
DA:15,8
DA:18,23
LF:10
LH:10
BRF:0
BRH:0
end_of_record
TN:
SF:src/providers/provider.ts
FN:2,(anonymous_0)
FNF:1
FNH:1
FNDA:291,(anonymous_0)
DA:3,291
DA:4,291
DA:5,291
DA:7,0
DA:12,10
LF:5
LH:4
BRDA:4,0,0,291
BRDA:4,0,1,0
BRF:2
BRH:1
end_of_record
TN:
SF:src/providers/region.provider.ts
FN:8,(anonymous_8)
FN:9,(anonymous_9)
FNF:2
FNH:2
FNDA:40,(anonymous_8)
FNDA:40,(anonymous_9)
DA:4,8
DA:7,8
DA:8,8
DA:9,40
DA:10,40
DA:11,40
DA:12,29
DA:17,40
DA:18,57
DA:22,40
LF:10
LH:10
BRF:0
BRH:0
end_of_record
TN:
SF:src/reader/industry.reader.ts
FN:19,(anonymous_13)
FN:40,(anonymous_15)
FNF:2
FNH:2
FNDA:1,(anonymous_13)
FNDA:58,(anonymous_15)
DA:1,16
DA:2,16
DA:3,16
DA:11,16
DA:13,16
DA:20,1
DA:22,1
DA:23,1
DA:25,1
DA:27,1
DA:28,29
DA:29,29
DA:30,29
DA:33,29
DA:37,1
DA:41,58
DA:42,58
DA:44,0
DA:45,0
DA:47,0
DA:48,0
DA:50,33
DA:51,33
DA:53,11
DA:54,11
DA:56,14
DA:57,14
DA:59,0
DA:60,0
DA:62,58
LF:30
LH:24
BRDA:19,0,0,1
BRDA:43,1,0,0
BRDA:43,1,1,0
BRDA:43,1,2,33
BRDA:43,1,3,11
BRDA:43,1,4,14
BRDA:43,1,5,0
BRF:7
BRH:4
end_of_record
TN:
SF:src/reader/rating.reader.ts
FN:28,(anonymous_7)
FN:49,(anonymous_9)
FN:63,(anonymous_10)
FNF:3
FNH:3
FNDA:23,(anonymous_7)
FNDA:460,(anonymous_9)
FNDA:1317,(anonymous_10)
DA:1,7
DA:2,7
DA:3,7
DA:4,7
DA:16,7
DA:18,7
DA:29,23
DA:30,23
DA:32,23
DA:33,23
DA:34,23
DA:35,1915
DA:36,1915
DA:37,1915
DA:38,23
DA:40,1892
DA:41,460
DA:42,1432
DA:43,1317
DA:45,1892
DA:50,460
DA:51,460
DA:52,460
DA:53,460
DA:54,460
DA:56,460
DA:64,1317
DA:65,1317
DA:66,1317
DA:67,1317
DA:68,1317
DA:69,1317
DA:71,1317
LF:33
LH:33
BRDA:28,0,0,23
BRDA:37,1,0,23
BRDA:37,1,1,1892
BRDA:40,2,0,460
BRDA:40,2,1,1432
BRDA:42,3,0,1317
BRDA:42,3,1,115
BRDA:55,4,0,121
BRDA:55,4,1,339
BRDA:70,5,0,361
BRDA:70,5,1,956
BRF:11
BRH:11
end_of_record
TN:
SF:src/reader/region.reader.ts
FN:21,(anonymous_13)
FNF:1
FNH:1
FNDA:1,(anonymous_13)
DA:1,16
DA:2,16
DA:3,16
DA:12,16
DA:14,16
DA:22,1
DA:24,1
DA:25,1
DA:28,1
DA:30,1
DA:31,221
DA:32,221
DA:33,221
DA:34,221
DA:35,221
DA:38,1
LF:16
LH:16
BRDA:21,0,0,1
BRF:1
BRH:1
end_of_record
TN:
SF:src/services/balance.sheet.service.ts
FN:31,(anonymous_8)
FN:34,(anonymous_9)
FN:38,(anonymous_10)
FN:39,(anonymous_12)
FN:39,(anonymous_13)
FN:45,(anonymous_14)
FN:50,(anonymous_15)
FN:51,(anonymous_17)
FN:51,(anonymous_18)
FN:67,(anonymous_19)
FN:72,(anonymous_20)
FN:73,(anonymous_22)
FN:73,(anonymous_23)
FN:81,(anonymous_24)
FN:87,(anonymous_25)
FN:88,(anonymous_26)
FN:88,(anonymous_27)
FN:96,(anonymous_28)
FN:101,(anonymous_29)
FN:105,(anonymous_30)
FN:111,(anonymous_31)
FN:117,(anonymous_33)
FN:132,(anonymous_35)
FN:133,(anonymous_36)
FN:134,(anonymous_37)
FN:135,(anonymous_38)
FNF:26
FNH:21
FNDA:3,(anonymous_8)
FNDA:0,(anonymous_9)
FNDA:12,(anonymous_10)
FNDA:12,(anonymous_12)
FNDA:12,(anonymous_13)
FNDA:2,(anonymous_14)
FNDA:3,(anonymous_15)
FNDA:3,(anonymous_17)
FNDA:3,(anonymous_18)
FNDA:0,(anonymous_19)
FNDA:1,(anonymous_20)
FNDA:1,(anonymous_22)
FNDA:1,(anonymous_23)
FNDA:0,(anonymous_24)
FNDA:1,(anonymous_25)
FNDA:1,(anonymous_26)
FNDA:1,(anonymous_27)
FNDA:0,(anonymous_28)
FNDA:2,(anonymous_29)
FNDA:0,(anonymous_30)
FNDA:13,(anonymous_31)
FNDA:13,(anonymous_33)
FNDA:15,(anonymous_35)
FNDA:329,(anonymous_36)
FNDA:300,(anonymous_37)
FNDA:519,(anonymous_38)
DA:2,3
DA:3,3
DA:4,3
DA:6,3
DA:7,3
DA:8,3
DA:9,3
DA:10,3
DA:11,3
DA:12,3
DA:13,3
DA:14,3
DA:15,3
DA:16,3
DA:17,3
DA:18,3
DA:19,3
DA:21,3
DA:25,3
DA:26,3
DA:29,3
DA:31,3
DA:35,0
DA:39,12
DA:40,12
DA:41,10
DA:42,10
DA:43,10
DA:44,10
DA:46,2
DA:51,3
DA:52,3
DA:53,3
DA:55,3
DA:56,3
DA:59,3
DA:60,3
DA:61,0
DA:63,3
DA:64,3
DA:65,3
DA:66,3
DA:68,0
DA:73,1
DA:74,1
DA:75,1
DA:76,1
DA:79,1
DA:80,1
DA:82,0
DA:88,1
DA:89,1
DA:90,1
DA:91,1
DA:94,1
DA:95,1
DA:97,0
DA:102,2
DA:103,2
DA:105,2
DA:106,0
DA:108,2
DA:112,13
DA:118,13
DA:119,13
DA:121,13
DA:123,13
DA:125,13
DA:126,13
DA:127,13
DA:128,13
DA:129,13
DA:133,329
DA:134,15
DA:135,519
LF:75
LH:69
BRDA:60,0,0,0
BRDA:60,0,1,3
BRDA:102,1,0,2
BRDA:102,1,1,0
BRDA:105,2,0,0
BRDA:105,2,1,2
BRDA:105,3,0,2
BRDA:105,3,1,0
BRF:8
BRH:4
end_of_record
TN:
SF:src/services/health.check.service.ts
FN:9,(anonymous_0)
FN:12,(anonymous_1)
FNF:2
FNH:1
FNDA:3,(anonymous_0)
FNDA:0,(anonymous_1)
DA:6,3
DA:13,0
LF:2
LH:1
BRF:0
BRH:0
end_of_record
TN:
SF:tests/Assertions.ts
FN:8,(anonymous_0)
FN:24,(anonymous_1)
FN:38,(anonymous_2)
FN:48,(anonymous_3)
FN:52,(anonymous_4)
FNF:5
FNH:3
FNDA:3,(anonymous_0)
FNDA:60,(anonymous_1)
FNDA:0,(anonymous_2)
FNDA:1,(anonymous_3)
FNDA:0,(anonymous_4)
DA:3,2
DA:7,2
DA:9,3
DA:10,60
DA:11,60
DA:12,60
DA:13,60
DA:14,60
DA:16,0
DA:18,60
DA:19,60
DA:26,60
DA:27,180
DA:28,180
DA:29,180
DA:30,180
DA:31,180
DA:33,0
DA:39,0
DA:40,0
DA:49,1
DA:53,0
DA:54,0
DA:55,0
DA:56,0
DA:57,0
LF:26
LH:17
BRDA:8,0,0,3
BRDA:8,1,0,3
BRDA:18,2,0,60
BRDA:18,2,1,0
BRDA:25,3,0,60
BRDA:39,4,0,0
BRDA:39,4,1,0
BRF:7
BRH:4
end_of_record
TN:
SF:tests/testData/company.facts.ts
FNF:0
FNH:0
DA:1,14
DA:2,14
DA:3,14
DA:5,14
DA:6,14
DA:7,14
DA:8,14
DA:10,14
DA:14,14
DA:19,14
DA:24,14
DA:44,14
LF:12
LH:12
BRF:0
BRH:0
end_of_record
